Connecting to database specified by database.yml
  [1m[36m (0.2ms)[0m  [1mselect sqlite_version(*)[0m
  [1m[35m (57.0ms)[0m  CREATE TABLE "schema_migrations" ("version" varchar(255) NOT NULL) 
  [1m[36m (14.6ms)[0m  [1mCREATE UNIQUE INDEX "unique_schema_migrations" ON "schema_migrations" ("version")[0m
  [1m[35m (0.1ms)[0m  SELECT "schema_migrations"."version" FROM "schema_migrations" 
Migrating to CreateMovies (20111119180638)
  [1m[36m (0.0ms)[0m  [1mbegin transaction[0m
  [1m[35m (2.0ms)[0m  CREATE TABLE "movies" ("id" INTEGER PRIMARY KEY AUTOINCREMENT NOT NULL, "title" varchar(255), "rating" varchar(255), "description" text, "release_date" datetime, "created_at" datetime NOT NULL, "updated_at" datetime NOT NULL) 
  [1m[36m (0.1ms)[0m  [1mINSERT INTO "schema_migrations" ("version") VALUES ('20111119180638')[0m
  [1m[35m (26.4ms)[0m  commit transaction
  [1m[36m (0.1ms)[0m  [1mSELECT "schema_migrations"."version" FROM "schema_migrations" [0m


Started GET "/movies" for 127.0.0.1 at 2014-02-12 13:43:24 -0800
Connecting to database specified by database.yml
Processing by MoviesController#index as HTML
  [1m[36mMovie Load (0.3ms)[0m  [1mSELECT "movies".* FROM "movies" [0m
  Rendered movies/index.html.haml within layouts/application (8.9ms)
Compiled application.css  (0ms)  (pid 13458)
Compiled jquery.js  (75ms)  (pid 13458)
Compiled jquery_ujs.js  (1ms)  (pid 13458)
Compiled application.js  (184ms)  (pid 13458)
Completed 200 OK in 332ms (Views: 329.3ms | ActiveRecord: 0.3ms)


Started GET "/assets/application.css?body=1" for 127.0.0.1 at 2014-02-12 13:43:24 -0800
Served asset /application.css - 200 OK (124ms)


Started GET "/assets/jquery_ujs.js?body=1" for 127.0.0.1 at 2014-02-12 13:43:25 -0800
Served asset /jquery_ujs.js - 200 OK (2ms)


Started GET "/assets/jquery.js?body=1" for 127.0.0.1 at 2014-02-12 13:43:25 -0800
Served asset /jquery.js - 200 OK (24ms)


Started GET "/assets/application.js?body=1" for 127.0.0.1 at 2014-02-12 13:43:25 -0800
Served asset /application.js - 200 OK (17ms)


Started GET "/movies" for 127.0.0.1 at 2014-02-12 13:54:44 -0800
Processing by MoviesController#index as HTML
  [1m[35mMovie Load (0.3ms)[0m  SELECT "movies".* FROM "movies" 
  Rendered movies/index.html.haml within layouts/application (1.5ms)
Completed 200 OK in 8ms (Views: 6.6ms | ActiveRecord: 0.3ms)


Started GET "/assets/application.css?body=1" for 127.0.0.1 at 2014-02-12 13:54:44 -0800
Served asset /application.css - 304 Not Modified (0ms)


Started GET "/assets/jquery.js?body=1" for 127.0.0.1 at 2014-02-12 13:54:44 -0800
Served asset /jquery.js - 304 Not Modified (0ms)


Started GET "/assets/jquery_ujs.js?body=1" for 127.0.0.1 at 2014-02-12 13:54:44 -0800
Served asset /jquery_ujs.js - 304 Not Modified (0ms)


Started GET "/assets/application.js?body=1" for 127.0.0.1 at 2014-02-12 13:54:44 -0800
Served asset /application.js - 304 Not Modified (4ms)
Connecting to database specified by database.yml
  [1m[36m (0.1ms)[0m  [1mSELECT "schema_migrations"."version" FROM "schema_migrations" [0m
  [1m[35m (0.1ms)[0m  begin transaction
  [1m[36mSQL (12.0ms)[0m  [1mINSERT INTO "movies" ("created_at", "description", "rating", "release_date", "title", "updated_at") VALUES (?, ?, ?, ?, ?, ?)[0m  [["created_at", Wed, 12 Feb 2014 21:56:39 UTC +00:00], ["description", nil], ["rating", "G"], ["release_date", Wed, 25 Nov 1992 00:00:00 UTC +00:00], ["title", "Aladdin"], ["updated_at", Wed, 12 Feb 2014 21:56:39 UTC +00:00]]
  [1m[35m (38.9ms)[0m  commit transaction
  [1m[36m (0.2ms)[0m  [1mbegin transaction[0m
  [1m[35mSQL (1.1ms)[0m  INSERT INTO "movies" ("created_at", "description", "rating", "release_date", "title", "updated_at") VALUES (?, ?, ?, ?, ?, ?)  [["created_at", Wed, 12 Feb 2014 21:56:39 UTC +00:00], ["description", nil], ["rating", "R"], ["release_date", Fri, 26 Oct 1984 00:00:00 UTC +00:00], ["title", "The Terminator"], ["updated_at", Wed, 12 Feb 2014 21:56:39 UTC +00:00]]
  [1m[36m (17.1ms)[0m  [1mcommit transaction[0m
  [1m[35m (0.1ms)[0m  begin transaction
  [1m[36mSQL (0.4ms)[0m  [1mINSERT INTO "movies" ("created_at", "description", "rating", "release_date", "title", "updated_at") VALUES (?, ?, ?, ?, ?, ?)[0m  [["created_at", Wed, 12 Feb 2014 21:56:39 UTC +00:00], ["description", nil], ["rating", "R"], ["release_date", Fri, 21 Jul 1989 00:00:00 UTC +00:00], ["title", "When Harry Met Sally"], ["updated_at", Wed, 12 Feb 2014 21:56:39 UTC +00:00]]
  [1m[35m (17.2ms)[0m  commit transaction
  [1m[36m (0.1ms)[0m  [1mbegin transaction[0m
  [1m[35mSQL (0.4ms)[0m  INSERT INTO "movies" ("created_at", "description", "rating", "release_date", "title", "updated_at") VALUES (?, ?, ?, ?, ?, ?)  [["created_at", Wed, 12 Feb 2014 21:56:39 UTC +00:00], ["description", nil], ["rating", "PG-13"], ["release_date", Wed, 10 Aug 2011 00:00:00 UTC +00:00], ["title", "The Help"], ["updated_at", Wed, 12 Feb 2014 21:56:39 UTC +00:00]]
  [1m[36m (17.2ms)[0m  [1mcommit transaction[0m
  [1m[35m (0.1ms)[0m  begin transaction
  [1m[36mSQL (0.5ms)[0m  [1mINSERT INTO "movies" ("created_at", "description", "rating", "release_date", "title", "updated_at") VALUES (?, ?, ?, ?, ?, ?)[0m  [["created_at", Wed, 12 Feb 2014 21:56:39 UTC +00:00], ["description", nil], ["rating", "PG-13"], ["release_date", Fri, 05 Jan 2001 00:00:00 UTC +00:00], ["title", "Chocolat"], ["updated_at", Wed, 12 Feb 2014 21:56:39 UTC +00:00]]
  [1m[35m (16.7ms)[0m  commit transaction
  [1m[36m (0.1ms)[0m  [1mbegin transaction[0m
  [1m[35mSQL (0.4ms)[0m  INSERT INTO "movies" ("created_at", "description", "rating", "release_date", "title", "updated_at") VALUES (?, ?, ?, ?, ?, ?)  [["created_at", Wed, 12 Feb 2014 21:56:39 UTC +00:00], ["description", nil], ["rating", "R"], ["release_date", Wed, 25 Apr 2001 00:00:00 UTC +00:00], ["title", "Amelie"], ["updated_at", Wed, 12 Feb 2014 21:56:39 UTC +00:00]]
  [1m[36m (15.8ms)[0m  [1mcommit transaction[0m
  [1m[35m (0.1ms)[0m  begin transaction
  [1m[36mSQL (0.4ms)[0m  [1mINSERT INTO "movies" ("created_at", "description", "rating", "release_date", "title", "updated_at") VALUES (?, ?, ?, ?, ?, ?)[0m  [["created_at", Wed, 12 Feb 2014 21:56:39 UTC +00:00], ["description", nil], ["rating", "G"], ["release_date", Sat, 06 Apr 1968 00:00:00 UTC +00:00], ["title", "2001: A Space Odyssey"], ["updated_at", Wed, 12 Feb 2014 21:56:39 UTC +00:00]]
  [1m[35m (69.7ms)[0m  commit transaction
  [1m[36m (0.1ms)[0m  [1mbegin transaction[0m
  [1m[35mSQL (0.3ms)[0m  INSERT INTO "movies" ("created_at", "description", "rating", "release_date", "title", "updated_at") VALUES (?, ?, ?, ?, ?, ?)  [["created_at", Wed, 12 Feb 2014 21:56:39 UTC +00:00], ["description", nil], ["rating", "PG"], ["release_date", Fri, 05 Nov 2004 00:00:00 UTC +00:00], ["title", "The Incredibles"], ["updated_at", Wed, 12 Feb 2014 21:56:39 UTC +00:00]]
  [1m[36m (27.6ms)[0m  [1mcommit transaction[0m
  [1m[35m (0.1ms)[0m  begin transaction
  [1m[36mSQL (0.3ms)[0m  [1mINSERT INTO "movies" ("created_at", "description", "rating", "release_date", "title", "updated_at") VALUES (?, ?, ?, ?, ?, ?)[0m  [["created_at", Wed, 12 Feb 2014 21:56:39 UTC +00:00], ["description", nil], ["rating", "PG"], ["release_date", Fri, 12 Jun 1981 00:00:00 UTC +00:00], ["title", "Raiders of the Lost Ark"], ["updated_at", Wed, 12 Feb 2014 21:56:39 UTC +00:00]]
  [1m[35m (18.3ms)[0m  commit transaction
  [1m[36m (0.1ms)[0m  [1mbegin transaction[0m
  [1m[35mSQL (0.6ms)[0m  INSERT INTO "movies" ("created_at", "description", "rating", "release_date", "title", "updated_at") VALUES (?, ?, ?, ?, ?, ?)  [["created_at", Wed, 12 Feb 2014 21:56:39 UTC +00:00], ["description", nil], ["rating", "G"], ["release_date", Wed, 21 Jun 2000 00:00:00 UTC +00:00], ["title", "Chicken Run"], ["updated_at", Wed, 12 Feb 2014 21:56:39 UTC +00:00]]
  [1m[36m (19.0ms)[0m  [1mcommit transaction[0m


Started GET "/movies" for 127.0.0.1 at 2014-02-12 13:57:19 -0800
Connecting to database specified by database.yml
Processing by MoviesController#index as HTML
  [1m[36mMovie Load (0.3ms)[0m  [1mSELECT "movies".* FROM "movies" [0m
  Rendered movies/index.html.haml within layouts/application (26.0ms)
Completed 200 OK in 132ms (Views: 114.6ms | ActiveRecord: 0.3ms)


Started GET "/assets/application.css?body=1" for 127.0.0.1 at 2014-02-12 13:57:20 -0800
Served asset /application.css - 304 Not Modified (11ms)


Started GET "/assets/jquery.js?body=1" for 127.0.0.1 at 2014-02-12 13:57:20 -0800
Served asset /jquery.js - 304 Not Modified (17ms)


Started GET "/assets/application.js?body=1" for 127.0.0.1 at 2014-02-12 13:57:20 -0800
Served asset /application.js - 304 Not Modified (13ms)


Started GET "/assets/jquery_ujs.js?body=1" for 127.0.0.1 at 2014-02-12 13:57:20 -0800
Served asset /jquery_ujs.js - 304 Not Modified (2ms)


Started GET "/movies" for 127.0.0.1 at 2014-02-12 13:57:21 -0800
Processing by MoviesController#index as HTML
  [1m[35mMovie Load (0.3ms)[0m  SELECT "movies".* FROM "movies" 
  Rendered movies/index.html.haml within layouts/application (16.6ms)
Completed 200 OK in 26ms (Views: 23.5ms | ActiveRecord: 0.3ms)


Started GET "/assets/application.css?body=1" for 127.0.0.1 at 2014-02-12 13:57:21 -0800
Served asset /application.css - 304 Not Modified (0ms)


Started GET "/assets/jquery_ujs.js?body=1" for 127.0.0.1 at 2014-02-12 13:57:21 -0800
Served asset /jquery_ujs.js - 304 Not Modified (0ms)


Started GET "/assets/application.js?body=1" for 127.0.0.1 at 2014-02-12 13:57:21 -0800
Served asset /application.js - 304 Not Modified (1ms)


Started GET "/assets/jquery.js?body=1" for 127.0.0.1 at 2014-02-12 13:57:21 -0800
Served asset /jquery.js - 304 Not Modified (1ms)


Started GET "/movies" for 127.0.0.1 at 2014-02-12 14:24:19 -0800
Connecting to database specified by database.yml
Processing by MoviesController#index as HTML
  [1m[36mMovie Load (0.3ms)[0m  [1mSELECT "movies".* FROM "movies" [0m
  Rendered movies/index.html.haml within layouts/application (73.2ms)
Compiled application.css  (0ms)  (pid 13959)
Compiled jquery.js  (6ms)  (pid 13959)
Compiled jquery_ujs.js  (0ms)  (pid 13959)
Compiled application.js  (19ms)  (pid 13959)
Completed 200 OK in 206ms (Views: 189.6ms | ActiveRecord: 0.3ms)


Started GET "/assets/jquery.js?body=1" for 127.0.0.1 at 2014-02-12 14:24:20 -0800
Served asset /jquery.js - 304 Not Modified (11ms)


Started GET "/assets/jquery_ujs.js?body=1" for 127.0.0.1 at 2014-02-12 14:24:20 -0800
Served asset /jquery_ujs.js - 304 Not Modified (2ms)


Started GET "/movies" for 127.0.0.1 at 2014-02-19 13:20:59 -0800
Connecting to database specified by database.yml

SyntaxError (/home/ubuntu/hw2_rottenpotatoes/app/helpers/movies_helper.rb:31: syntax error, unexpected keyword_end, expecting end-of-input):
  app/controllers/application_controller.rb:1:in `<top (required)>'
  app/controllers/movies_controller.rb:1:in `<top (required)>'


  Rendered /usr/local/lib/ruby/gems/2.0.0/gems/actionpack-3.2.14/lib/action_dispatch/middleware/templates/rescues/_trace.erb (1.7ms)
  Rendered /usr/local/lib/ruby/gems/2.0.0/gems/actionpack-3.2.14/lib/action_dispatch/middleware/templates/rescues/_request_and_response.erb (3.6ms)
  Rendered /usr/local/lib/ruby/gems/2.0.0/gems/actionpack-3.2.14/lib/action_dispatch/middleware/templates/rescues/diagnostics.erb within rescues/layout (18.1ms)
Connecting to database specified by database.yml
  [1m[36m (0.1ms)[0m  [1mSELECT "schema_migrations"."version" FROM "schema_migrations" [0m
Migrating to CreateMovies (20111119180638)
  [1m[35m (0.1ms)[0m  select sqlite_version(*)
  [1m[36m (0.1ms)[0m  [1mSELECT "schema_migrations"."version" FROM "schema_migrations" [0m
Connecting to database specified by database.yml
  [1m[36m (0.2ms)[0m  [1mSELECT "schema_migrations"."version" FROM "schema_migrations" [0m
  [1m[35m (0.1ms)[0m  begin transaction
  [1m[36mSQL (11.8ms)[0m  [1mINSERT INTO "movies" ("created_at", "description", "rating", "release_date", "title", "updated_at") VALUES (?, ?, ?, ?, ?, ?)[0m  [["created_at", Wed, 19 Feb 2014 21:22:29 UTC +00:00], ["description", nil], ["rating", "G"], ["release_date", Wed, 25 Nov 1992 00:00:00 UTC +00:00], ["title", "Aladdin"], ["updated_at", Wed, 19 Feb 2014 21:22:29 UTC +00:00]]
  [1m[35m (69.2ms)[0m  commit transaction
  [1m[36m (0.1ms)[0m  [1mbegin transaction[0m
  [1m[35mSQL (0.4ms)[0m  INSERT INTO "movies" ("created_at", "description", "rating", "release_date", "title", "updated_at") VALUES (?, ?, ?, ?, ?, ?)  [["created_at", Wed, 19 Feb 2014 21:22:29 UTC +00:00], ["description", nil], ["rating", "R"], ["release_date", Fri, 26 Oct 1984 00:00:00 UTC +00:00], ["title", "The Terminator"], ["updated_at", Wed, 19 Feb 2014 21:22:29 UTC +00:00]]
  [1m[36m (23.5ms)[0m  [1mcommit transaction[0m
  [1m[35m (0.1ms)[0m  begin transaction
  [1m[36mSQL (0.5ms)[0m  [1mINSERT INTO "movies" ("created_at", "description", "rating", "release_date", "title", "updated_at") VALUES (?, ?, ?, ?, ?, ?)[0m  [["created_at", Wed, 19 Feb 2014 21:22:29 UTC +00:00], ["description", nil], ["rating", "R"], ["release_date", Fri, 21 Jul 1989 00:00:00 UTC +00:00], ["title", "When Harry Met Sally"], ["updated_at", Wed, 19 Feb 2014 21:22:29 UTC +00:00]]
  [1m[35m (21.9ms)[0m  commit transaction
  [1m[36m (0.1ms)[0m  [1mbegin transaction[0m
  [1m[35mSQL (0.3ms)[0m  INSERT INTO "movies" ("created_at", "description", "rating", "release_date", "title", "updated_at") VALUES (?, ?, ?, ?, ?, ?)  [["created_at", Wed, 19 Feb 2014 21:22:29 UTC +00:00], ["description", nil], ["rating", "PG-13"], ["release_date", Wed, 10 Aug 2011 00:00:00 UTC +00:00], ["title", "The Help"], ["updated_at", Wed, 19 Feb 2014 21:22:29 UTC +00:00]]
  [1m[36m (17.6ms)[0m  [1mcommit transaction[0m
  [1m[35m (0.1ms)[0m  begin transaction
  [1m[36mSQL (0.4ms)[0m  [1mINSERT INTO "movies" ("created_at", "description", "rating", "release_date", "title", "updated_at") VALUES (?, ?, ?, ?, ?, ?)[0m  [["created_at", Wed, 19 Feb 2014 21:22:29 UTC +00:00], ["description", nil], ["rating", "PG-13"], ["release_date", Fri, 05 Jan 2001 00:00:00 UTC +00:00], ["title", "Chocolat"], ["updated_at", Wed, 19 Feb 2014 21:22:29 UTC +00:00]]
  [1m[35m (65.6ms)[0m  commit transaction
  [1m[36m (0.1ms)[0m  [1mbegin transaction[0m
  [1m[35mSQL (0.5ms)[0m  INSERT INTO "movies" ("created_at", "description", "rating", "release_date", "title", "updated_at") VALUES (?, ?, ?, ?, ?, ?)  [["created_at", Wed, 19 Feb 2014 21:22:29 UTC +00:00], ["description", nil], ["rating", "R"], ["release_date", Wed, 25 Apr 2001 00:00:00 UTC +00:00], ["title", "Amelie"], ["updated_at", Wed, 19 Feb 2014 21:22:29 UTC +00:00]]
  [1m[36m (25.1ms)[0m  [1mcommit transaction[0m
  [1m[35m (0.1ms)[0m  begin transaction
  [1m[36mSQL (0.5ms)[0m  [1mINSERT INTO "movies" ("created_at", "description", "rating", "release_date", "title", "updated_at") VALUES (?, ?, ?, ?, ?, ?)[0m  [["created_at", Wed, 19 Feb 2014 21:22:29 UTC +00:00], ["description", nil], ["rating", "G"], ["release_date", Sat, 06 Apr 1968 00:00:00 UTC +00:00], ["title", "2001: A Space Odyssey"], ["updated_at", Wed, 19 Feb 2014 21:22:29 UTC +00:00]]
  [1m[35m (23.7ms)[0m  commit transaction
  [1m[36m (0.1ms)[0m  [1mbegin transaction[0m
  [1m[35mSQL (2.0ms)[0m  INSERT INTO "movies" ("created_at", "description", "rating", "release_date", "title", "updated_at") VALUES (?, ?, ?, ?, ?, ?)  [["created_at", Wed, 19 Feb 2014 21:22:29 UTC +00:00], ["description", nil], ["rating", "PG"], ["release_date", Fri, 05 Nov 2004 00:00:00 UTC +00:00], ["title", "The Incredibles"], ["updated_at", Wed, 19 Feb 2014 21:22:29 UTC +00:00]]
  [1m[36m (45.9ms)[0m  [1mcommit transaction[0m
  [1m[35m (0.1ms)[0m  begin transaction
  [1m[36mSQL (0.5ms)[0m  [1mINSERT INTO "movies" ("created_at", "description", "rating", "release_date", "title", "updated_at") VALUES (?, ?, ?, ?, ?, ?)[0m  [["created_at", Wed, 19 Feb 2014 21:22:29 UTC +00:00], ["description", nil], ["rating", "PG"], ["release_date", Fri, 12 Jun 1981 00:00:00 UTC +00:00], ["title", "Raiders of the Lost Ark"], ["updated_at", Wed, 19 Feb 2014 21:22:29 UTC +00:00]]
  [1m[35m (24.5ms)[0m  commit transaction
  [1m[36m (0.1ms)[0m  [1mbegin transaction[0m
  [1m[35mSQL (0.5ms)[0m  INSERT INTO "movies" ("created_at", "description", "rating", "release_date", "title", "updated_at") VALUES (?, ?, ?, ?, ?, ?)  [["created_at", Wed, 19 Feb 2014 21:22:29 UTC +00:00], ["description", nil], ["rating", "G"], ["release_date", Wed, 21 Jun 2000 00:00:00 UTC +00:00], ["title", "Chicken Run"], ["updated_at", Wed, 19 Feb 2014 21:22:29 UTC +00:00]]
  [1m[36m (24.5ms)[0m  [1mcommit transaction[0m


Started GET "/movies" for 127.0.0.1 at 2014-02-19 13:22:40 -0800
Connecting to database specified by database.yml

SyntaxError (/home/ubuntu/hw2_rottenpotatoes/app/helpers/movies_helper.rb:31: syntax error, unexpected keyword_end, expecting end-of-input):
  app/controllers/application_controller.rb:1:in `<top (required)>'
  app/controllers/movies_controller.rb:1:in `<top (required)>'


  Rendered /usr/local/lib/ruby/gems/2.0.0/gems/actionpack-3.2.14/lib/action_dispatch/middleware/templates/rescues/_trace.erb (1.9ms)
  Rendered /usr/local/lib/ruby/gems/2.0.0/gems/actionpack-3.2.14/lib/action_dispatch/middleware/templates/rescues/_request_and_response.erb (2.9ms)
  Rendered /usr/local/lib/ruby/gems/2.0.0/gems/actionpack-3.2.14/lib/action_dispatch/middleware/templates/rescues/diagnostics.erb within rescues/layout (24.6ms)


Started GET "/movies" for 127.0.0.1 at 2014-02-19 13:22:44 -0800

SyntaxError (/home/ubuntu/hw2_rottenpotatoes/app/helpers/movies_helper.rb:31: syntax error, unexpected keyword_end, expecting end-of-input):
  app/controllers/application_controller.rb:1:in `<top (required)>'
  app/controllers/movies_controller.rb:1:in `<top (required)>'


  Rendered /usr/local/lib/ruby/gems/2.0.0/gems/actionpack-3.2.14/lib/action_dispatch/middleware/templates/rescues/_trace.erb (3.4ms)
  Rendered /usr/local/lib/ruby/gems/2.0.0/gems/actionpack-3.2.14/lib/action_dispatch/middleware/templates/rescues/_request_and_response.erb (1.4ms)
  Rendered /usr/local/lib/ruby/gems/2.0.0/gems/actionpack-3.2.14/lib/action_dispatch/middleware/templates/rescues/diagnostics.erb within rescues/layout (15.5ms)


Started GET "/movies" for 127.0.0.1 at 2014-02-19 13:22:46 -0800

SyntaxError (/home/ubuntu/hw2_rottenpotatoes/app/helpers/movies_helper.rb:31: syntax error, unexpected keyword_end, expecting end-of-input):
  app/controllers/application_controller.rb:1:in `<top (required)>'
  app/controllers/movies_controller.rb:1:in `<top (required)>'


  Rendered /usr/local/lib/ruby/gems/2.0.0/gems/actionpack-3.2.14/lib/action_dispatch/middleware/templates/rescues/_trace.erb (60.7ms)
  Rendered /usr/local/lib/ruby/gems/2.0.0/gems/actionpack-3.2.14/lib/action_dispatch/middleware/templates/rescues/_request_and_response.erb (1.2ms)
  Rendered /usr/local/lib/ruby/gems/2.0.0/gems/actionpack-3.2.14/lib/action_dispatch/middleware/templates/rescues/diagnostics.erb within rescues/layout (74.1ms)


Started GET "/movies" for 127.0.0.1 at 2014-02-19 13:22:48 -0800

SyntaxError (/home/ubuntu/hw2_rottenpotatoes/app/helpers/movies_helper.rb:31: syntax error, unexpected keyword_end, expecting end-of-input):
  app/controllers/application_controller.rb:1:in `<top (required)>'
  app/controllers/movies_controller.rb:1:in `<top (required)>'


  Rendered /usr/local/lib/ruby/gems/2.0.0/gems/actionpack-3.2.14/lib/action_dispatch/middleware/templates/rescues/_trace.erb (1.8ms)
  Rendered /usr/local/lib/ruby/gems/2.0.0/gems/actionpack-3.2.14/lib/action_dispatch/middleware/templates/rescues/_request_and_response.erb (1.4ms)
  Rendered /usr/local/lib/ruby/gems/2.0.0/gems/actionpack-3.2.14/lib/action_dispatch/middleware/templates/rescues/diagnostics.erb within rescues/layout (17.6ms)


Started GET "/movies" for 127.0.0.1 at 2014-02-19 13:26:29 -0800
Connecting to database specified by database.yml
Processing by MoviesController#index as HTML
  [1m[36mMovie Load (0.4ms)[0m  [1mSELECT "movies".* FROM "movies" [0m
  Rendered movies/index.html.haml within layouts/application (79.1ms)
Compiled application.css  (0ms)  (pid 15834)
Completed 200 OK in 298ms (Views: 281.1ms | ActiveRecord: 0.4ms)


Started GET "/assets/jquery.js?body=1" for 127.0.0.1 at 2014-02-19 13:26:29 -0800
Served asset /jquery.js - 304 Not Modified (16ms)


Started GET "/assets/jquery_ujs.js?body=1" for 127.0.0.1 at 2014-02-19 13:26:29 -0800
Served asset /jquery_ujs.js - 304 Not Modified (1ms)


Started GET "/movies" for 127.0.0.1 at 2014-02-19 14:31:31 -0800
Connecting to database specified by database.yml
Processing by MoviesController#index as HTML
  [1m[36mMovie Load (0.4ms)[0m  [1mSELECT "movies".* FROM "movies" [0m
  Rendered movies/index.html.haml within layouts/application (27.5ms)
Completed 500 Internal Server Error in 65ms

ActionView::Template::Error (Inconsistent indentation: 3 spaces used for indentation, but the rest of the document was indented using 2 spaces.):
    5:   %thead
    6:     %tr
    7: 
    8:    -#   %th Movie Title
    9: 
    10: %th{:id => 'title_header', :class => helper_class('title')}= link_to "Movie Title", movies_path(:sort=>'title')
    11:       %th Rating
  app/views/movies/index.html.haml:8


  Rendered /usr/local/lib/ruby/gems/2.0.0/gems/actionpack-3.2.14/lib/action_dispatch/middleware/templates/rescues/_trace.erb (3.5ms)
  Rendered /usr/local/lib/ruby/gems/2.0.0/gems/actionpack-3.2.14/lib/action_dispatch/middleware/templates/rescues/_request_and_response.erb (1.1ms)
  Rendered /usr/local/lib/ruby/gems/2.0.0/gems/actionpack-3.2.14/lib/action_dispatch/middleware/templates/rescues/template_error.erb within rescues/layout (18.4ms)


Started GET "/movies" for 127.0.0.1 at 2014-02-19 14:32:19 -0800
Connecting to database specified by database.yml
Processing by MoviesController#index as HTML
  [1m[36mMovie Load (2.7ms)[0m  [1mSELECT "movies".* FROM "movies" [0m
  Rendered movies/index.html.haml within layouts/application (3.6ms)
Completed 500 Internal Server Error in 34ms

ActionView::Template::Error (Illegal nesting: content can't be both given on the same line as %th and nested within it.):
    8:     -#   %th Movie Title
    9: 
    10: %th{:id => 'title_header', :class => helper_class('title')}= link_to "Movie Title", movies_path(:sort=>'title')
    11:       %th Rating
    12:     -# %th Release Date
    13:       
    14:       %th {:id => 'release_date_header', :class => helper_class('release') }= link_to "Release Date", movies_path(:sort=>'release')
  app/views/movies/index.html.haml:11


  Rendered /usr/local/lib/ruby/gems/2.0.0/gems/actionpack-3.2.14/lib/action_dispatch/middleware/templates/rescues/_trace.erb (2.6ms)
  Rendered /usr/local/lib/ruby/gems/2.0.0/gems/actionpack-3.2.14/lib/action_dispatch/middleware/templates/rescues/_request_and_response.erb (1.3ms)
  Rendered /usr/local/lib/ruby/gems/2.0.0/gems/actionpack-3.2.14/lib/action_dispatch/middleware/templates/rescues/template_error.erb within rescues/layout (15.1ms)


Started GET "/movies" for 127.0.0.1 at 2014-02-19 14:33:08 -0800
Connecting to database specified by database.yml
Processing by MoviesController#index as HTML
  [1m[36mMovie Load (0.4ms)[0m  [1mSELECT "movies".* FROM "movies" [0m
  Rendered movies/index.html.haml within layouts/application (95.7ms)
Completed 200 OK in 153ms (Views: 134.2ms | ActiveRecord: 0.4ms)


Started GET "/assets/jquery.js?body=1" for 127.0.0.1 at 2014-02-19 14:33:09 -0800
Served asset /jquery.js - 304 Not Modified (26ms)


Started GET "/assets/jquery_ujs.js?body=1" for 127.0.0.1 at 2014-02-19 14:33:09 -0800
Served asset /jquery_ujs.js - 304 Not Modified (2ms)


Started GET "/movies" for 127.0.0.1 at 2014-02-19 14:38:28 -0800
Connecting to database specified by database.yml
Processing by MoviesController#index as HTML
  [1m[36mMovie Load (0.4ms)[0m  [1mSELECT "movies".* FROM "movies" [0m
  Rendered movies/index.html.haml within layouts/application (93.3ms)
Completed 200 OK in 146ms (Views: 129.9ms | ActiveRecord: 0.4ms)


Started GET "/assets/jquery.js?body=1" for 127.0.0.1 at 2014-02-19 14:38:28 -0800
Served asset /jquery.js - 304 Not Modified (13ms)


Started GET "/assets/jquery_ujs.js?body=1" for 127.0.0.1 at 2014-02-19 14:38:28 -0800
Served asset /jquery_ujs.js - 304 Not Modified (7ms)


Started GET "/movies?sort=title" for 127.0.0.1 at 2014-02-19 14:38:54 -0800
Processing by MoviesController#index as HTML
  Parameters: {"sort"=>"title"}
  [1m[35mMovie Load (0.0ms)[0m  SELECT "movies".* FROM "movies" 
  Rendered movies/index.html.haml within layouts/application (11.7ms)
Completed 200 OK in 27ms (Views: 17.6ms | ActiveRecord: 0.0ms)


Started GET "/assets/jquery.js?body=1" for 127.0.0.1 at 2014-02-19 14:38:54 -0800
Served asset /jquery.js - 304 Not Modified (0ms)


Started GET "/assets/jquery_ujs.js?body=1" for 127.0.0.1 at 2014-02-19 14:38:54 -0800
Served asset /jquery_ujs.js - 304 Not Modified (0ms)


Started GET "/movies?sort=title" for 127.0.0.1 at 2014-02-19 14:38:57 -0800
Processing by MoviesController#index as HTML
  Parameters: {"sort"=>"title"}
  [1m[36mMovie Load (0.5ms)[0m  [1mSELECT "movies".* FROM "movies" [0m
  Rendered movies/index.html.haml within layouts/application (10.1ms)
Completed 200 OK in 19ms (Views: 16.7ms | ActiveRecord: 0.5ms)


Started GET "/assets/jquery.js?body=1" for 127.0.0.1 at 2014-02-19 14:38:57 -0800
Served asset /jquery.js - 304 Not Modified (0ms)


Started GET "/assets/jquery_ujs.js?body=1" for 127.0.0.1 at 2014-02-19 14:38:57 -0800
Served asset /jquery_ujs.js - 304 Not Modified (0ms)


Started GET "/movies?sort=title" for 127.0.0.1 at 2014-02-19 14:38:58 -0800
Processing by MoviesController#index as HTML
  Parameters: {"sort"=>"title"}
  [1m[35mMovie Load (5.0ms)[0m  SELECT "movies".* FROM "movies" 
  Rendered movies/index.html.haml within layouts/application (9.6ms)
Completed 200 OK in 30ms (Views: 19.0ms | ActiveRecord: 5.0ms)


Started GET "/assets/jquery_ujs.js?body=1" for 127.0.0.1 at 2014-02-19 14:38:58 -0800
Served asset /jquery_ujs.js - 304 Not Modified (0ms)


Started GET "/assets/jquery.js?body=1" for 127.0.0.1 at 2014-02-19 14:38:58 -0800
Served asset /jquery.js - 304 Not Modified (138ms)


Started GET "/movies?sort=title" for 127.0.0.1 at 2014-02-19 14:38:59 -0800
Processing by MoviesController#index as HTML
  Parameters: {"sort"=>"title"}
  [1m[36mMovie Load (0.5ms)[0m  [1mSELECT "movies".* FROM "movies" [0m
  Rendered movies/index.html.haml within layouts/application (14.2ms)
Completed 200 OK in 25ms (Views: 22.4ms | ActiveRecord: 0.5ms)


Started GET "/assets/jquery_ujs.js?body=1" for 127.0.0.1 at 2014-02-19 14:38:59 -0800
Served asset /jquery_ujs.js - 304 Not Modified (0ms)


Started GET "/assets/jquery.js?body=1" for 127.0.0.1 at 2014-02-19 14:38:59 -0800
Served asset /jquery.js - 304 Not Modified (0ms)


Started GET "/movies/7" for 127.0.0.1 at 2014-02-19 14:39:04 -0800
Processing by MoviesController#show as HTML
  Parameters: {"id"=>"7"}
  [1m[35mMovie Load (0.4ms)[0m  SELECT "movies".* FROM "movies" WHERE "movies"."id" = ? LIMIT 1  [["id", "7"]]
  Rendered movies/show.html.haml within layouts/application (13.2ms)
Completed 200 OK in 43ms (Views: 34.5ms | ActiveRecord: 0.4ms)


Started GET "/assets/jquery_ujs.js?body=1" for 127.0.0.1 at 2014-02-19 14:39:04 -0800
Served asset /jquery_ujs.js - 304 Not Modified (9ms)


Started GET "/assets/jquery.js?body=1" for 127.0.0.1 at 2014-02-19 14:39:04 -0800
Served asset /jquery.js - 304 Not Modified (3ms)


Started GET "/movies?sort=title" for 127.0.0.1 at 2014-02-19 14:39:21 -0800
Processing by MoviesController#index as HTML
  Parameters: {"sort"=>"title"}
  [1m[36mMovie Load (0.3ms)[0m  [1mSELECT "movies".* FROM "movies" [0m
  Rendered movies/index.html.haml within layouts/application (11.1ms)
Completed 200 OK in 28ms (Views: 17.2ms | ActiveRecord: 0.3ms)


Started GET "/assets/jquery.js?body=1" for 127.0.0.1 at 2014-02-19 14:39:21 -0800
Served asset /jquery.js - 304 Not Modified (20ms)


Started GET "/assets/jquery_ujs.js?body=1" for 127.0.0.1 at 2014-02-19 14:39:21 -0800
Served asset /jquery_ujs.js - 304 Not Modified (0ms)


Started GET "/movies?sort=title" for 127.0.0.1 at 2014-02-19 14:39:22 -0800
Processing by MoviesController#index as HTML
  Parameters: {"sort"=>"title"}
  [1m[35mMovie Load (0.4ms)[0m  SELECT "movies".* FROM "movies" 
  Rendered movies/index.html.haml within layouts/application (20.8ms)
Completed 200 OK in 32ms (Views: 30.0ms | ActiveRecord: 0.4ms)


Started GET "/assets/jquery_ujs.js?body=1" for 127.0.0.1 at 2014-02-19 14:39:22 -0800
Served asset /jquery_ujs.js - 304 Not Modified (0ms)


Started GET "/assets/jquery.js?body=1" for 127.0.0.1 at 2014-02-19 14:39:22 -0800
Served asset /jquery.js - 304 Not Modified (1ms)


Started GET "/movies?sort=title" for 127.0.0.1 at 2014-02-19 14:39:23 -0800
Processing by MoviesController#index as HTML
  Parameters: {"sort"=>"title"}
  [1m[36mMovie Load (0.4ms)[0m  [1mSELECT "movies".* FROM "movies" [0m
  Rendered movies/index.html.haml within layouts/application (11.4ms)
Completed 200 OK in 23ms (Views: 18.1ms | ActiveRecord: 0.4ms)


Started GET "/assets/jquery_ujs.js?body=1" for 127.0.0.1 at 2014-02-19 14:39:23 -0800
Served asset /jquery_ujs.js - 304 Not Modified (0ms)


Started GET "/assets/jquery.js?body=1" for 127.0.0.1 at 2014-02-19 14:39:23 -0800
Served asset /jquery.js - 304 Not Modified (0ms)


Started GET "/movies?sort=title" for 127.0.0.1 at 2014-02-19 14:39:23 -0800
Processing by MoviesController#index as HTML
  Parameters: {"sort"=>"title"}
  [1m[35mMovie Load (0.8ms)[0m  SELECT "movies".* FROM "movies" 
  Rendered movies/index.html.haml within layouts/application (8.7ms)
Completed 200 OK in 19ms (Views: 15.3ms | ActiveRecord: 0.8ms)


Started GET "/assets/jquery.js?body=1" for 127.0.0.1 at 2014-02-19 14:39:23 -0800
Served asset /jquery.js - 304 Not Modified (1ms)


Started GET "/assets/jquery_ujs.js?body=1" for 127.0.0.1 at 2014-02-19 14:39:23 -0800
Served asset /jquery_ujs.js - 304 Not Modified (0ms)


Started GET "/movies?sort=title" for 127.0.0.1 at 2014-02-19 14:49:53 -0800
Processing by MoviesController#index as HTML
  Parameters: {"sort"=>"title"}
  [1m[36mMovie Load (0.0ms)[0m  [1mSELECT "movies".* FROM "movies" [0m
  Rendered movies/index.html.haml within layouts/application (14.4ms)
Completed 200 OK in 33ms (Views: 31.2ms | ActiveRecord: 0.0ms)


Started GET "/assets/jquery_ujs.js?body=1" for 127.0.0.1 at 2014-02-19 14:49:53 -0800
Served asset /jquery_ujs.js - 304 Not Modified (0ms)


Started GET "/assets/jquery.js?body=1" for 127.0.0.1 at 2014-02-19 14:49:53 -0800
Served asset /jquery.js - 304 Not Modified (1ms)


Started GET "/movies?sort=title" for 127.0.0.1 at 2014-02-19 14:49:53 -0800
Processing by MoviesController#index as HTML
  Parameters: {"sort"=>"title"}
  [1m[35mMovie Load (0.4ms)[0m  SELECT "movies".* FROM "movies" 
  Rendered movies/index.html.haml within layouts/application (12.3ms)
Completed 200 OK in 91ms (Views: 89.3ms | ActiveRecord: 0.4ms)


Started GET "/assets/jquery.js?body=1" for 127.0.0.1 at 2014-02-19 14:49:54 -0800
Served asset /jquery.js - 304 Not Modified (0ms)


Started GET "/assets/jquery_ujs.js?body=1" for 127.0.0.1 at 2014-02-19 14:49:54 -0800
Served asset /jquery_ujs.js - 304 Not Modified (0ms)


Started GET "/movies?sort=title" for 127.0.0.1 at 2014-02-19 14:49:54 -0800
Processing by MoviesController#index as HTML
  Parameters: {"sort"=>"title"}
  [1m[36mMovie Load (3.7ms)[0m  [1mSELECT "movies".* FROM "movies" [0m
  Rendered movies/index.html.haml within layouts/application (9.3ms)
Completed 200 OK in 22ms (Views: 15.1ms | ActiveRecord: 3.7ms)


Started GET "/assets/jquery.js?body=1" for 127.0.0.1 at 2014-02-19 14:49:54 -0800
Served asset /jquery.js - 304 Not Modified (21ms)


Started GET "/assets/jquery_ujs.js?body=1" for 127.0.0.1 at 2014-02-19 14:49:54 -0800
Served asset /jquery_ujs.js - 304 Not Modified (0ms)


Started GET "/movies?sort=title" for 127.0.0.1 at 2014-02-19 15:24:40 -0800
Processing by MoviesController#index as HTML
  Parameters: {"sort"=>"title"}
  [1m[35mMovie Load (0.8ms)[0m  SELECT "movies".* FROM "movies" 
  Rendered movies/index.html.haml within layouts/application (10.3ms)
Completed 200 OK in 27ms (Views: 15.4ms | ActiveRecord: 0.8ms)


Started GET "/assets/jquery_ujs.js?body=1" for 127.0.0.1 at 2014-02-19 15:24:40 -0800
Served asset /jquery_ujs.js - 304 Not Modified (0ms)


Started GET "/assets/jquery.js?body=1" for 127.0.0.1 at 2014-02-19 15:24:40 -0800
Served asset /jquery.js - 304 Not Modified (0ms)


Started GET "/movies?sort=title" for 127.0.0.1 at 2014-02-19 15:24:42 -0800
Processing by MoviesController#index as HTML
  Parameters: {"sort"=>"title"}
  [1m[36mMovie Load (0.4ms)[0m  [1mSELECT "movies".* FROM "movies" [0m
  Rendered movies/index.html.haml within layouts/application (16.2ms)
Completed 200 OK in 25ms (Views: 21.9ms | ActiveRecord: 0.4ms)


Started GET "/assets/jquery.js?body=1" for 127.0.0.1 at 2014-02-19 15:24:42 -0800
Served asset /jquery.js - 304 Not Modified (1ms)


Started GET "/assets/jquery_ujs.js?body=1" for 127.0.0.1 at 2014-02-19 15:24:42 -0800
Served asset /jquery_ujs.js - 304 Not Modified (0ms)


Started GET "/movies?sort=title" for 127.0.0.1 at 2014-02-19 15:25:03 -0800
Connecting to database specified by database.yml
Processing by MoviesController#index as HTML
  Parameters: {"sort"=>"title"}
  [1m[36mMovie Load (0.9ms)[0m  [1mSELECT "movies".* FROM "movies" [0m
  Rendered movies/index.html.haml within layouts/application (137.9ms)
Completed 200 OK in 198ms (Views: 179.4ms | ActiveRecord: 0.9ms)


Started GET "/assets/jquery_ujs.js?body=1" for 127.0.0.1 at 2014-02-19 15:25:04 -0800
Served asset /jquery_ujs.js - 304 Not Modified (5ms)


Started GET "/assets/jquery.js?body=1" for 127.0.0.1 at 2014-02-19 15:25:04 -0800
Served asset /jquery.js - 304 Not Modified (3ms)


Started GET "/movies?sort=title" for 127.0.0.1 at 2014-02-19 15:30:55 -0800
Connecting to database specified by database.yml
Processing by MoviesController#index as HTML
  Parameters: {"sort"=>"title"}
  [1m[36mMovie Load (0.6ms)[0m  [1mSELECT "movies".* FROM "movies" [0m
  Rendered movies/index.html.haml within layouts/application (140.4ms)
Completed 200 OK in 185ms (Views: 168.4ms | ActiveRecord: 0.6ms)


Started GET "/assets/jquery_ujs.js?body=1" for 127.0.0.1 at 2014-02-19 15:30:56 -0800
Served asset /jquery_ujs.js - 304 Not Modified (2ms)


Started GET "/assets/jquery.js?body=1" for 127.0.0.1 at 2014-02-19 15:30:56 -0800
Served asset /jquery.js - 304 Not Modified (8ms)


Started GET "/movies?sort=title" for 127.0.0.1 at 2014-02-19 15:31:44 -0800
Connecting to database specified by database.yml
Processing by MoviesController#index as HTML
  Parameters: {"sort"=>"title"}
  [1m[36mMovie Load (0.4ms)[0m  [1mSELECT "movies".* FROM "movies" [0m
  Rendered movies/index.html.haml within layouts/application (96.5ms)
Completed 200 OK in 146ms (Views: 122.5ms | ActiveRecord: 0.4ms)


Started GET "/assets/jquery_ujs.js?body=1" for 127.0.0.1 at 2014-02-19 15:31:44 -0800
Served asset /jquery_ujs.js - 304 Not Modified (8ms)


Started GET "/assets/jquery.js?body=1" for 127.0.0.1 at 2014-02-19 15:31:44 -0800
Served asset /jquery.js - 304 Not Modified (6ms)


Started GET "/movies?sort=release" for 127.0.0.1 at 2014-02-19 15:31:46 -0800
Processing by MoviesController#index as HTML
  Parameters: {"sort"=>"release"}
  [1m[35mMovie Load (0.5ms)[0m  SELECT "movies".* FROM "movies" 
  Rendered movies/index.html.haml within layouts/application (10.0ms)
Completed 200 OK in 17ms (Views: 14.8ms | ActiveRecord: 0.5ms)


Started GET "/assets/jquery_ujs.js?body=1" for 127.0.0.1 at 2014-02-19 15:31:46 -0800
Served asset /jquery_ujs.js - 304 Not Modified (6ms)


Started GET "/assets/jquery.js?body=1" for 127.0.0.1 at 2014-02-19 15:31:46 -0800
Served asset /jquery.js - 304 Not Modified (0ms)


Started GET "/movies?sort=release" for 127.0.0.1 at 2014-02-19 15:31:50 -0800
Processing by MoviesController#index as HTML
  Parameters: {"sort"=>"release"}
  [1m[36mMovie Load (0.4ms)[0m  [1mSELECT "movies".* FROM "movies" [0m
  Rendered movies/index.html.haml within layouts/application (12.5ms)
Completed 200 OK in 22ms (Views: 19.5ms | ActiveRecord: 0.4ms)


Started GET "/assets/jquery_ujs.js?body=1" for 127.0.0.1 at 2014-02-19 15:31:50 -0800
Served asset /jquery_ujs.js - 304 Not Modified (0ms)


Started GET "/assets/jquery.js?body=1" for 127.0.0.1 at 2014-02-19 15:31:50 -0800
Served asset /jquery.js - 304 Not Modified (2ms)


Started GET "/movies?sort=release" for 127.0.0.1 at 2014-02-19 15:31:51 -0800
Processing by MoviesController#index as HTML
  Parameters: {"sort"=>"release"}
  [1m[35mMovie Load (0.4ms)[0m  SELECT "movies".* FROM "movies" 
  Rendered movies/index.html.haml within layouts/application (12.2ms)
Completed 200 OK in 22ms (Views: 19.4ms | ActiveRecord: 0.4ms)


Started GET "/assets/jquery_ujs.js?body=1" for 127.0.0.1 at 2014-02-19 15:31:51 -0800
Served asset /jquery_ujs.js - 304 Not Modified (0ms)


Started GET "/assets/jquery.js?body=1" for 127.0.0.1 at 2014-02-19 15:31:51 -0800
Served asset /jquery.js - 304 Not Modified (0ms)


Started GET "/movies?sort=release" for 127.0.0.1 at 2014-02-19 15:31:52 -0800
Processing by MoviesController#index as HTML
  Parameters: {"sort"=>"release"}
  [1m[36mMovie Load (0.6ms)[0m  [1mSELECT "movies".* FROM "movies" [0m
  Rendered movies/index.html.haml within layouts/application (11.3ms)
Completed 200 OK in 112ms (Views: 26.5ms | ActiveRecord: 0.6ms)


Started GET "/assets/jquery_ujs.js?body=1" for 127.0.0.1 at 2014-02-19 15:31:52 -0800
Served asset /jquery_ujs.js - 304 Not Modified (0ms)


Started GET "/assets/jquery.js?body=1" for 127.0.0.1 at 2014-02-19 15:31:52 -0800
Served asset /jquery.js - 304 Not Modified (1ms)


Started GET "/movies?sort=release" for 127.0.0.1 at 2014-02-19 15:31:53 -0800
Processing by MoviesController#index as HTML
  Parameters: {"sort"=>"release"}
  [1m[35mMovie Load (0.4ms)[0m  SELECT "movies".* FROM "movies" 
  Rendered movies/index.html.haml within layouts/application (36.6ms)
Completed 200 OK in 65ms (Views: 63.1ms | ActiveRecord: 0.4ms)


Started GET "/assets/jquery.js?body=1" for 127.0.0.1 at 2014-02-19 15:31:53 -0800
Served asset /jquery.js - 304 Not Modified (27ms)


Started GET "/assets/jquery_ujs.js?body=1" for 127.0.0.1 at 2014-02-19 15:31:53 -0800
Served asset /jquery_ujs.js - 304 Not Modified (0ms)


Started GET "/movies?sort=release" for 127.0.0.1 at 2014-02-19 15:31:53 -0800
Processing by MoviesController#index as HTML
  Parameters: {"sort"=>"release"}
  [1m[36mMovie Load (0.3ms)[0m  [1mSELECT "movies".* FROM "movies" [0m
  Rendered movies/index.html.haml within layouts/application (12.5ms)
Completed 200 OK in 26ms (Views: 19.6ms | ActiveRecord: 0.3ms)


Started GET "/assets/jquery.js?body=1" for 127.0.0.1 at 2014-02-19 15:31:53 -0800
Served asset /jquery.js - 304 Not Modified (0ms)


Started GET "/assets/jquery_ujs.js?body=1" for 127.0.0.1 at 2014-02-19 15:31:53 -0800
Served asset /jquery_ujs.js - 304 Not Modified (0ms)


Started GET "/movies?sort=release" for 127.0.0.1 at 2014-02-19 15:31:53 -0800
Processing by MoviesController#index as HTML
  Parameters: {"sort"=>"release"}
  [1m[35mMovie Load (0.4ms)[0m  SELECT "movies".* FROM "movies" 
  Rendered movies/index.html.haml within layouts/application (48.4ms)
Completed 200 OK in 77ms (Views: 74.9ms | ActiveRecord: 0.4ms)


Started GET "/assets/jquery_ujs.js?body=1" for 127.0.0.1 at 2014-02-19 15:31:54 -0800
Served asset /jquery_ujs.js - 304 Not Modified (7ms)


Started GET "/assets/jquery.js?body=1" for 127.0.0.1 at 2014-02-19 15:31:54 -0800
Served asset /jquery.js - 304 Not Modified (0ms)


Started GET "/movies?sort=release" for 127.0.0.1 at 2014-02-19 15:31:54 -0800
Processing by MoviesController#index as HTML
  Parameters: {"sort"=>"release"}
  [1m[36mMovie Load (0.4ms)[0m  [1mSELECT "movies".* FROM "movies" [0m
  Rendered movies/index.html.haml within layouts/application (28.8ms)
Completed 200 OK in 46ms (Views: 41.6ms | ActiveRecord: 0.4ms)


Started GET "/assets/jquery_ujs.js?body=1" for 127.0.0.1 at 2014-02-19 15:31:54 -0800
Served asset /jquery_ujs.js - 304 Not Modified (1ms)


Started GET "/assets/jquery.js?body=1" for 127.0.0.1 at 2014-02-19 15:31:54 -0800
Served asset /jquery.js - 304 Not Modified (0ms)


Started GET "/movies?sort=release" for 127.0.0.1 at 2014-02-19 15:31:54 -0800
Processing by MoviesController#index as HTML
  Parameters: {"sort"=>"release"}
  [1m[35mMovie Load (0.5ms)[0m  SELECT "movies".* FROM "movies" 
  Rendered movies/index.html.haml within layouts/application (24.8ms)
Completed 200 OK in 60ms (Views: 50.9ms | ActiveRecord: 0.5ms)


Started GET "/assets/jquery_ujs.js?body=1" for 127.0.0.1 at 2014-02-19 15:31:54 -0800
Served asset /jquery_ujs.js - 304 Not Modified (11ms)


Started GET "/assets/jquery.js?body=1" for 127.0.0.1 at 2014-02-19 15:31:55 -0800
Served asset /jquery.js - 304 Not Modified (1ms)


Started GET "/movies?sort=release" for 127.0.0.1 at 2014-02-19 15:31:55 -0800
Processing by MoviesController#index as HTML
  Parameters: {"sort"=>"release"}
  [1m[36mMovie Load (1.0ms)[0m  [1mSELECT "movies".* FROM "movies" [0m
  Rendered movies/index.html.haml within layouts/application (17.0ms)
Completed 200 OK in 31ms (Views: 23.5ms | ActiveRecord: 1.0ms)


Started GET "/assets/jquery_ujs.js?body=1" for 127.0.0.1 at 2014-02-19 15:31:55 -0800
Served asset /jquery_ujs.js - 304 Not Modified (0ms)


Started GET "/assets/jquery.js?body=1" for 127.0.0.1 at 2014-02-19 15:31:55 -0800
Served asset /jquery.js - 304 Not Modified (2ms)


Started GET "/movies?sort=release" for 127.0.0.1 at 2014-02-19 15:31:55 -0800
Processing by MoviesController#index as HTML
  Parameters: {"sort"=>"release"}
  [1m[35mMovie Load (0.3ms)[0m  SELECT "movies".* FROM "movies" 
  Rendered movies/index.html.haml within layouts/application (32.8ms)
Completed 200 OK in 54ms (Views: 47.4ms | ActiveRecord: 0.3ms)


Started GET "/assets/jquery.js?body=1" for 127.0.0.1 at 2014-02-19 15:31:55 -0800
Served asset /jquery.js - 304 Not Modified (0ms)


Started GET "/assets/jquery_ujs.js?body=1" for 127.0.0.1 at 2014-02-19 15:31:55 -0800
Served asset /jquery_ujs.js - 304 Not Modified (0ms)


Started GET "/movies?sort=release" for 127.0.0.1 at 2014-02-19 15:31:56 -0800
Processing by MoviesController#index as HTML
  Parameters: {"sort"=>"release"}
  [1m[36mMovie Load (3.7ms)[0m  [1mSELECT "movies".* FROM "movies" [0m
  Rendered movies/index.html.haml within layouts/application (11.7ms)
Completed 200 OK in 39ms (Views: 20.3ms | ActiveRecord: 3.7ms)


Started GET "/movies?sort=release" for 127.0.0.1 at 2014-02-19 15:31:56 -0800
Processing by MoviesController#index as HTML
  Parameters: {"sort"=>"release"}
  [1m[35mMovie Load (0.4ms)[0m  SELECT "movies".* FROM "movies" 
  Rendered movies/index.html.haml within layouts/application (16.1ms)
Completed 200 OK in 35ms (Views: 31.5ms | ActiveRecord: 0.4ms)


Started GET "/assets/jquery.js?body=1" for 127.0.0.1 at 2014-02-19 15:31:56 -0800
Served asset /jquery.js - 304 Not Modified (10ms)


Started GET "/assets/jquery_ujs.js?body=1" for 127.0.0.1 at 2014-02-19 15:31:56 -0800
Served asset /jquery_ujs.js - 304 Not Modified (0ms)


Started GET "/movies?sort=release" for 127.0.0.1 at 2014-02-19 15:31:56 -0800
Processing by MoviesController#index as HTML
  Parameters: {"sort"=>"release"}
  [1m[36mMovie Load (0.5ms)[0m  [1mSELECT "movies".* FROM "movies" [0m
  Rendered movies/index.html.haml within layouts/application (26.5ms)
Completed 200 OK in 53ms (Views: 46.8ms | ActiveRecord: 0.5ms)


Started GET "/assets/jquery_ujs.js?body=1" for 127.0.0.1 at 2014-02-19 15:31:56 -0800
Served asset /jquery_ujs.js - 304 Not Modified (7ms)


Started GET "/assets/jquery.js?body=1" for 127.0.0.1 at 2014-02-19 15:31:56 -0800
Served asset /jquery.js - 304 Not Modified (6ms)


Started GET "/movies?sort=release" for 127.0.0.1 at 2014-02-19 15:31:57 -0800
Processing by MoviesController#index as HTML
  Parameters: {"sort"=>"release"}
  [1m[35mMovie Load (0.4ms)[0m  SELECT "movies".* FROM "movies" 
  Rendered movies/index.html.haml within layouts/application (22.2ms)
Completed 200 OK in 37ms (Views: 30.3ms | ActiveRecord: 0.4ms)


Started GET "/assets/jquery.js?body=1" for 127.0.0.1 at 2014-02-19 15:31:57 -0800
Served asset /jquery.js - 304 Not Modified (3ms)


Started GET "/assets/jquery_ujs.js?body=1" for 127.0.0.1 at 2014-02-19 15:31:57 -0800
Served asset /jquery_ujs.js - 304 Not Modified (0ms)


Started GET "/movies?sort=release" for 127.0.0.1 at 2014-02-19 15:31:57 -0800
Processing by MoviesController#index as HTML
  Parameters: {"sort"=>"release"}
  [1m[36mMovie Load (0.4ms)[0m  [1mSELECT "movies".* FROM "movies" [0m
  Rendered movies/index.html.haml within layouts/application (27.5ms)
Completed 200 OK in 41ms (Views: 33.3ms | ActiveRecord: 0.4ms)


Started GET "/assets/jquery.js?body=1" for 127.0.0.1 at 2014-02-19 15:31:57 -0800
Served asset /jquery.js - 304 Not Modified (0ms)


Started GET "/assets/jquery_ujs.js?body=1" for 127.0.0.1 at 2014-02-19 15:31:57 -0800
Served asset /jquery_ujs.js - 304 Not Modified (0ms)


Started GET "/movies?sort=release" for 127.0.0.1 at 2014-02-19 15:31:59 -0800
Processing by MoviesController#index as HTML
  Parameters: {"sort"=>"release"}
  [1m[35mMovie Load (0.3ms)[0m  SELECT "movies".* FROM "movies" 
  Rendered movies/index.html.haml within layouts/application (8.8ms)
Completed 200 OK in 20ms (Views: 18.0ms | ActiveRecord: 0.3ms)


Started GET "/assets/jquery_ujs.js?body=1" for 127.0.0.1 at 2014-02-19 15:31:59 -0800
Served asset /jquery_ujs.js - 304 Not Modified (0ms)


Started GET "/assets/jquery.js?body=1" for 127.0.0.1 at 2014-02-19 15:31:59 -0800
Served asset /jquery.js - 304 Not Modified (4ms)


Started GET "/movies?sort=release" for 127.0.0.1 at 2014-02-19 15:31:59 -0800
Processing by MoviesController#index as HTML
  Parameters: {"sort"=>"release"}
  [1m[36mMovie Load (0.4ms)[0m  [1mSELECT "movies".* FROM "movies" [0m
  Rendered movies/index.html.haml within layouts/application (21.9ms)
Completed 200 OK in 37ms (Views: 28.4ms | ActiveRecord: 0.4ms)


Started GET "/assets/jquery.js?body=1" for 127.0.0.1 at 2014-02-19 15:32:00 -0800
Served asset /jquery.js - 304 Not Modified (0ms)


Started GET "/assets/jquery_ujs.js?body=1" for 127.0.0.1 at 2014-02-19 15:32:00 -0800
Served asset /jquery_ujs.js - 304 Not Modified (0ms)


Started GET "/movies?sort=release" for 127.0.0.1 at 2014-02-19 15:32:00 -0800
Processing by MoviesController#index as HTML
  Parameters: {"sort"=>"release"}
  [1m[35mMovie Load (0.6ms)[0m  SELECT "movies".* FROM "movies" 
  Rendered movies/index.html.haml within layouts/application (20.3ms)
Completed 200 OK in 39ms (Views: 34.3ms | ActiveRecord: 0.6ms)


Started GET "/assets/jquery.js?body=1" for 127.0.0.1 at 2014-02-19 15:32:00 -0800
Served asset /jquery.js - 304 Not Modified (18ms)


Started GET "/assets/jquery_ujs.js?body=1" for 127.0.0.1 at 2014-02-19 15:32:00 -0800
Served asset /jquery_ujs.js - 304 Not Modified (0ms)


Started GET "/movies?sort=release" for 127.0.0.1 at 2014-02-19 15:32:01 -0800
Processing by MoviesController#index as HTML
  Parameters: {"sort"=>"release"}
  [1m[36mMovie Load (0.3ms)[0m  [1mSELECT "movies".* FROM "movies" [0m
  Rendered movies/index.html.haml within layouts/application (11.5ms)
Completed 200 OK in 29ms (Views: 17.6ms | ActiveRecord: 0.3ms)


Started GET "/assets/jquery.js?body=1" for 127.0.0.1 at 2014-02-19 15:32:01 -0800
Served asset /jquery.js - 304 Not Modified (3ms)


Started GET "/assets/jquery_ujs.js?body=1" for 127.0.0.1 at 2014-02-19 15:32:01 -0800
Served asset /jquery_ujs.js - 304 Not Modified (216ms)


Started GET "/movies?sort=release" for 127.0.0.1 at 2014-02-19 15:32:02 -0800
Processing by MoviesController#index as HTML
  Parameters: {"sort"=>"release"}
  [1m[35mMovie Load (0.5ms)[0m  SELECT "movies".* FROM "movies" 
  Rendered movies/index.html.haml within layouts/application (13.8ms)
Completed 200 OK in 24ms (Views: 21.0ms | ActiveRecord: 0.5ms)


Started GET "/assets/jquery.js?body=1" for 127.0.0.1 at 2014-02-19 15:32:02 -0800
Served asset /jquery.js - 304 Not Modified (0ms)


Started GET "/assets/jquery_ujs.js?body=1" for 127.0.0.1 at 2014-02-19 15:32:02 -0800
Served asset /jquery_ujs.js - 304 Not Modified (0ms)


Started GET "/movies?sort=release" for 127.0.0.1 at 2014-02-19 15:32:03 -0800
Processing by MoviesController#index as HTML
  Parameters: {"sort"=>"release"}
  [1m[36mMovie Load (0.4ms)[0m  [1mSELECT "movies".* FROM "movies" [0m
  Rendered movies/index.html.haml within layouts/application (14.9ms)
Completed 200 OK in 43ms (Views: 33.3ms | ActiveRecord: 0.4ms)


Started GET "/assets/jquery.js?body=1" for 127.0.0.1 at 2014-02-19 15:32:03 -0800
Served asset /jquery.js - 304 Not Modified (1ms)


Started GET "/assets/jquery_ujs.js?body=1" for 127.0.0.1 at 2014-02-19 15:32:03 -0800
Served asset /jquery_ujs.js - 304 Not Modified (0ms)


Started GET "/movies?sort=release" for 127.0.0.1 at 2014-02-19 15:32:05 -0800
Processing by MoviesController#index as HTML
  Parameters: {"sort"=>"release"}
  [1m[35mMovie Load (0.4ms)[0m  SELECT "movies".* FROM "movies" 
  Rendered movies/index.html.haml within layouts/application (19.6ms)
Completed 200 OK in 31ms (Views: 25.1ms | ActiveRecord: 0.4ms)


Started GET "/assets/jquery.js?body=1" for 127.0.0.1 at 2014-02-19 15:32:05 -0800
Served asset /jquery.js - 304 Not Modified (8ms)


Started GET "/assets/jquery_ujs.js?body=1" for 127.0.0.1 at 2014-02-19 15:32:05 -0800
Served asset /jquery_ujs.js - 304 Not Modified (0ms)


Started GET "/movies?sort=release" for 127.0.0.1 at 2014-02-19 15:32:46 -0800
Processing by MoviesController#index as HTML
  Parameters: {"sort"=>"release"}
  [1m[36mMovie Load (0.4ms)[0m  [1mSELECT "movies".* FROM "movies" [0m
  Rendered movies/index.html.haml within layouts/application (13.2ms)
Completed 200 OK in 33ms (Views: 24.1ms | ActiveRecord: 0.4ms)


Started GET "/assets/jquery_ujs.js?body=1" for 127.0.0.1 at 2014-02-19 15:32:47 -0800
Served asset /jquery_ujs.js - 304 Not Modified (0ms)


Started GET "/assets/jquery.js?body=1" for 127.0.0.1 at 2014-02-19 15:32:47 -0800
Served asset /jquery.js - 304 Not Modified (0ms)


Started GET "/movies?sort=release" for 127.0.0.1 at 2014-02-19 15:32:47 -0800
Processing by MoviesController#index as HTML
  Parameters: {"sort"=>"release"}
  [1m[35mMovie Load (0.4ms)[0m  SELECT "movies".* FROM "movies" 
  Rendered movies/index.html.haml within layouts/application (27.8ms)
Completed 200 OK in 67ms (Views: 49.1ms | ActiveRecord: 0.4ms)


Started GET "/assets/jquery_ujs.js?body=1" for 127.0.0.1 at 2014-02-19 15:32:47 -0800
Served asset /jquery_ujs.js - 304 Not Modified (13ms)


Started GET "/assets/jquery.js?body=1" for 127.0.0.1 at 2014-02-19 15:32:47 -0800
Served asset /jquery.js - 304 Not Modified (1ms)


Started GET "/movies?sort=release" for 127.0.0.1 at 2014-02-19 15:32:47 -0800
Processing by MoviesController#index as HTML
  Parameters: {"sort"=>"release"}
  [1m[36mMovie Load (0.4ms)[0m  [1mSELECT "movies".* FROM "movies" [0m
  Rendered movies/index.html.haml within layouts/application (10.0ms)
Completed 200 OK in 22ms (Views: 16.5ms | ActiveRecord: 0.4ms)


Started GET "/assets/jquery.js?body=1" for 127.0.0.1 at 2014-02-19 15:32:47 -0800
Served asset /jquery.js - 304 Not Modified (0ms)


Started GET "/assets/jquery_ujs.js?body=1" for 127.0.0.1 at 2014-02-19 15:32:47 -0800
Served asset /jquery_ujs.js - 304 Not Modified (0ms)


Started GET "/movies?sort=release" for 127.0.0.1 at 2014-02-19 15:32:48 -0800
Processing by MoviesController#index as HTML
  Parameters: {"sort"=>"release"}
  [1m[35mMovie Load (0.4ms)[0m  SELECT "movies".* FROM "movies" 
  Rendered movies/index.html.haml within layouts/application (35.5ms)
Completed 200 OK in 53ms (Views: 49.3ms | ActiveRecord: 0.4ms)


Started GET "/assets/jquery.js?body=1" for 127.0.0.1 at 2014-02-19 15:32:48 -0800
Served asset /jquery.js - 304 Not Modified (17ms)


Started GET "/assets/jquery_ujs.js?body=1" for 127.0.0.1 at 2014-02-19 15:32:48 -0800
Served asset /jquery_ujs.js - 304 Not Modified (0ms)


Started GET "/movies?sort=release" for 127.0.0.1 at 2014-02-19 15:32:48 -0800
Processing by MoviesController#index as HTML
  Parameters: {"sort"=>"release"}
  [1m[36mMovie Load (4.2ms)[0m  [1mSELECT "movies".* FROM "movies" [0m
  Rendered movies/index.html.haml within layouts/application (30.3ms)
Completed 200 OK in 45ms (Views: 37.8ms | ActiveRecord: 4.2ms)


Started GET "/assets/jquery.js?body=1" for 127.0.0.1 at 2014-02-19 15:32:48 -0800
Served asset /jquery.js - 304 Not Modified (3ms)


Started GET "/assets/jquery_ujs.js?body=1" for 127.0.0.1 at 2014-02-19 15:32:48 -0800
Served asset /jquery_ujs.js - 304 Not Modified (0ms)


Started GET "/movies?sort=release" for 127.0.0.1 at 2014-02-19 15:32:49 -0800
Processing by MoviesController#index as HTML
  Parameters: {"sort"=>"release"}
  [1m[35mMovie Load (3.2ms)[0m  SELECT "movies".* FROM "movies" 
  Rendered movies/index.html.haml within layouts/application (196.2ms)
Completed 200 OK in 219ms (Views: 211.3ms | ActiveRecord: 3.2ms)


Started GET "/assets/jquery.js?body=1" for 127.0.0.1 at 2014-02-19 15:32:49 -0800
Served asset /jquery.js - 304 Not Modified (0ms)


Started GET "/assets/jquery_ujs.js?body=1" for 127.0.0.1 at 2014-02-19 15:32:49 -0800
Served asset /jquery_ujs.js - 304 Not Modified (0ms)


Started GET "/movies?sort=release" for 127.0.0.1 at 2014-02-19 15:32:50 -0800
Processing by MoviesController#index as HTML
  Parameters: {"sort"=>"release"}
  [1m[36mMovie Load (0.3ms)[0m  [1mSELECT "movies".* FROM "movies" [0m
  Rendered movies/index.html.haml within layouts/application (8.6ms)
Completed 200 OK in 20ms (Views: 17.7ms | ActiveRecord: 0.3ms)


Started GET "/assets/jquery.js?body=1" for 127.0.0.1 at 2014-02-19 15:32:50 -0800
Served asset /jquery.js - 304 Not Modified (0ms)


Started GET "/assets/jquery_ujs.js?body=1" for 127.0.0.1 at 2014-02-19 15:32:50 -0800
Served asset /jquery_ujs.js - 304 Not Modified (0ms)


Started GET "/movies?sort=release" for 127.0.0.1 at 2014-02-19 15:32:50 -0800
Processing by MoviesController#index as HTML
  Parameters: {"sort"=>"release"}
  [1m[35mMovie Load (0.5ms)[0m  SELECT "movies".* FROM "movies" 
  Rendered movies/index.html.haml within layouts/application (18.8ms)
Completed 200 OK in 34ms (Views: 26.4ms | ActiveRecord: 0.5ms)


Started GET "/assets/jquery.js?body=1" for 127.0.0.1 at 2014-02-19 15:32:50 -0800
Served asset /jquery.js - 304 Not Modified (0ms)


Started GET "/assets/jquery_ujs.js?body=1" for 127.0.0.1 at 2014-02-19 15:32:50 -0800
Served asset /jquery_ujs.js - 304 Not Modified (0ms)


Started GET "/movies?sort=release" for 127.0.0.1 at 2014-02-19 15:32:51 -0800
Processing by MoviesController#index as HTML
  Parameters: {"sort"=>"release"}
  [1m[36mMovie Load (0.4ms)[0m  [1mSELECT "movies".* FROM "movies" [0m
  Rendered movies/index.html.haml within layouts/application (17.3ms)
Completed 200 OK in 53ms (Views: 45.7ms | ActiveRecord: 0.4ms)


Started GET "/assets/jquery.js?body=1" for 127.0.0.1 at 2014-02-19 15:32:51 -0800
Served asset /jquery.js - 304 Not Modified (0ms)


Started GET "/assets/jquery_ujs.js?body=1" for 127.0.0.1 at 2014-02-19 15:32:51 -0800
Served asset /jquery_ujs.js - 304 Not Modified (0ms)


Started GET "/movies?sort=release" for 127.0.0.1 at 2014-02-19 15:32:52 -0800
Processing by MoviesController#index as HTML
  Parameters: {"sort"=>"release"}
  [1m[35mMovie Load (3.1ms)[0m  SELECT "movies".* FROM "movies" 
  Rendered movies/index.html.haml within layouts/application (16.4ms)
Completed 200 OK in 29ms (Views: 24.0ms | ActiveRecord: 3.1ms)


Started GET "/assets/jquery.js?body=1" for 127.0.0.1 at 2014-02-19 15:32:52 -0800
Served asset /jquery.js - 304 Not Modified (0ms)


Started GET "/assets/jquery_ujs.js?body=1" for 127.0.0.1 at 2014-02-19 15:32:52 -0800
Served asset /jquery_ujs.js - 304 Not Modified (0ms)


Started GET "/movies?sort=release" for 127.0.0.1 at 2014-02-19 15:32:52 -0800
Processing by MoviesController#index as HTML
  Parameters: {"sort"=>"release"}
  [1m[36mMovie Load (0.5ms)[0m  [1mSELECT "movies".* FROM "movies" [0m
  Rendered movies/index.html.haml within layouts/application (10.5ms)
Completed 200 OK in 26ms (Views: 20.0ms | ActiveRecord: 0.5ms)


Started GET "/assets/jquery_ujs.js?body=1" for 127.0.0.1 at 2014-02-19 15:32:53 -0800
Served asset /jquery_ujs.js - 304 Not Modified (0ms)


Started GET "/assets/jquery.js?body=1" for 127.0.0.1 at 2014-02-19 15:32:53 -0800
Served asset /jquery.js - 304 Not Modified (5ms)


Started GET "/movies?sort=title" for 127.0.0.1 at 2014-02-19 15:33:14 -0800
Processing by MoviesController#index as HTML
  Parameters: {"sort"=>"title"}
  [1m[35mMovie Load (0.4ms)[0m  SELECT "movies".* FROM "movies" 
  Rendered movies/index.html.haml within layouts/application (12.7ms)
Completed 200 OK in 29ms (Views: 24.1ms | ActiveRecord: 0.4ms)


Started GET "/assets/jquery_ujs.js?body=1" for 127.0.0.1 at 2014-02-19 15:33:14 -0800
Served asset /jquery_ujs.js - 304 Not Modified (0ms)


Started GET "/assets/jquery.js?body=1" for 127.0.0.1 at 2014-02-19 15:33:14 -0800
Served asset /jquery.js - 304 Not Modified (8ms)


Started GET "/movies?sort=release" for 127.0.0.1 at 2014-02-19 15:33:15 -0800
Processing by MoviesController#index as HTML
  Parameters: {"sort"=>"release"}
  [1m[36mMovie Load (0.3ms)[0m  [1mSELECT "movies".* FROM "movies" [0m
  Rendered movies/index.html.haml within layouts/application (11.6ms)
Completed 200 OK in 20ms (Views: 17.0ms | ActiveRecord: 0.3ms)


Started GET "/assets/jquery.js?body=1" for 127.0.0.1 at 2014-02-19 15:33:15 -0800
Served asset /jquery.js - 304 Not Modified (34ms)


Started GET "/assets/jquery_ujs.js?body=1" for 127.0.0.1 at 2014-02-19 15:33:16 -0800
Served asset /jquery_ujs.js - 304 Not Modified (0ms)


Started GET "/movies?sort=title" for 127.0.0.1 at 2014-02-19 15:34:06 -0800
Processing by MoviesController#index as HTML
  Parameters: {"sort"=>"title"}
  [1m[35mMovie Load (0.3ms)[0m  SELECT "movies".* FROM "movies" 
  Rendered movies/index.html.haml within layouts/application (10.5ms)
Completed 200 OK in 93ms (Views: 91.3ms | ActiveRecord: 0.3ms)


Started GET "/assets/jquery_ujs.js?body=1" for 127.0.0.1 at 2014-02-19 15:34:07 -0800
Served asset /jquery_ujs.js - 304 Not Modified (0ms)


Started GET "/assets/jquery.js?body=1" for 127.0.0.1 at 2014-02-19 15:34:07 -0800
Served asset /jquery.js - 304 Not Modified (1ms)


Started GET "/movies?sort=release" for 127.0.0.1 at 2014-02-19 15:34:08 -0800
Processing by MoviesController#index as HTML
  Parameters: {"sort"=>"release"}
  [1m[36mMovie Load (0.2ms)[0m  [1mSELECT "movies".* FROM "movies" [0m
  Rendered movies/index.html.haml within layouts/application (17.2ms)
Completed 200 OK in 32ms (Views: 23.4ms | ActiveRecord: 0.2ms)


Started GET "/assets/jquery_ujs.js?body=1" for 127.0.0.1 at 2014-02-19 15:34:08 -0800
Served asset /jquery_ujs.js - 304 Not Modified (0ms)


Started GET "/assets/jquery.js?body=1" for 127.0.0.1 at 2014-02-19 15:34:08 -0800
Served asset /jquery.js - 304 Not Modified (0ms)


Started GET "/movies?sort=title" for 127.0.0.1 at 2014-02-19 15:36:12 -0800
Processing by MoviesController#index as HTML
  Parameters: {"sort"=>"title"}
  [1m[35mMovie Load (0.4ms)[0m  SELECT "movies".* FROM "movies" 
  Rendered movies/index.html.haml within layouts/application (7.9ms)
Completed 200 OK in 19ms (Views: 15.7ms | ActiveRecord: 0.4ms)


Started GET "/assets/jquery.js?body=1" for 127.0.0.1 at 2014-02-19 15:36:12 -0800
Served asset /jquery.js - 304 Not Modified (11ms)


Started GET "/assets/jquery_ujs.js?body=1" for 127.0.0.1 at 2014-02-19 15:36:12 -0800
Served asset /jquery_ujs.js - 304 Not Modified (0ms)


Started GET "/movies?sort=release" for 127.0.0.1 at 2014-02-19 15:36:13 -0800
Processing by MoviesController#index as HTML
  Parameters: {"sort"=>"release"}
  [1m[36mMovie Load (0.4ms)[0m  [1mSELECT "movies".* FROM "movies" [0m
  Rendered movies/index.html.haml within layouts/application (14.7ms)
Completed 200 OK in 34ms (Views: 28.8ms | ActiveRecord: 0.4ms)


Started GET "/assets/jquery.js?body=1" for 127.0.0.1 at 2014-02-19 15:36:14 -0800
Served asset /jquery.js - 304 Not Modified (8ms)


Started GET "/assets/jquery_ujs.js?body=1" for 127.0.0.1 at 2014-02-19 15:36:14 -0800
Served asset /jquery_ujs.js - 304 Not Modified (0ms)


Started GET "/movies?sort=release" for 127.0.0.1 at 2014-02-19 15:37:56 -0800
Connecting to database specified by database.yml
Processing by MoviesController#index as HTML
  Parameters: {"sort"=>"release"}
  [1m[36mMovie Load (0.5ms)[0m  [1mSELECT "movies".* FROM "movies" [0m
  Rendered movies/index.html.haml within layouts/application (99.6ms)
Compiled application.css  (0ms)  (pid 16192)
Completed 200 OK in 165ms (Views: 150.1ms | ActiveRecord: 0.5ms)


Started GET "/assets/jquery.js?body=1" for 127.0.0.1 at 2014-02-19 15:37:57 -0800
Served asset /jquery.js - 304 Not Modified (9ms)


Started GET "/assets/jquery_ujs.js?body=1" for 127.0.0.1 at 2014-02-19 15:37:57 -0800
Served asset /jquery_ujs.js - 304 Not Modified (8ms)


Started GET "/movies?sort=release" for 127.0.0.1 at 2014-02-19 15:38:04 -0800
Processing by MoviesController#index as HTML
  Parameters: {"sort"=>"release"}
  [1m[35mMovie Load (0.4ms)[0m  SELECT "movies".* FROM "movies" 
  Rendered movies/index.html.haml within layouts/application (8.6ms)
Completed 200 OK in 21ms (Views: 18.5ms | ActiveRecord: 0.4ms)


Started GET "/assets/jquery.js?body=1" for 127.0.0.1 at 2014-02-19 15:38:04 -0800
Served asset /jquery.js - 304 Not Modified (11ms)


Started GET "/assets/jquery_ujs.js?body=1" for 127.0.0.1 at 2014-02-19 15:38:04 -0800
Served asset /jquery_ujs.js - 304 Not Modified (0ms)


Started GET "/movies?sort=title" for 127.0.0.1 at 2014-02-19 15:38:06 -0800
Processing by MoviesController#index as HTML
  Parameters: {"sort"=>"title"}
  [1m[36mMovie Load (0.4ms)[0m  [1mSELECT "movies".* FROM "movies" [0m
  Rendered movies/index.html.haml within layouts/application (28.9ms)
Completed 200 OK in 41ms (Views: 38.7ms | ActiveRecord: 0.4ms)


Started GET "/assets/jquery.js?body=1" for 127.0.0.1 at 2014-02-19 15:38:06 -0800
Served asset /jquery.js - 304 Not Modified (8ms)


Started GET "/assets/jquery_ujs.js?body=1" for 127.0.0.1 at 2014-02-19 15:38:06 -0800
Served asset /jquery_ujs.js - 304 Not Modified (0ms)


Started GET "/movies?sort=release" for 127.0.0.1 at 2014-02-19 15:38:07 -0800
Processing by MoviesController#index as HTML
  Parameters: {"sort"=>"release"}
  [1m[35mMovie Load (0.4ms)[0m  SELECT "movies".* FROM "movies" 
  Rendered movies/index.html.haml within layouts/application (149.9ms)
Completed 200 OK in 165ms (Views: 163.1ms | ActiveRecord: 0.4ms)


Started GET "/assets/jquery.js?body=1" for 127.0.0.1 at 2014-02-19 15:38:08 -0800
Served asset /jquery.js - 304 Not Modified (0ms)


Started GET "/assets/jquery_ujs.js?body=1" for 127.0.0.1 at 2014-02-19 15:38:08 -0800
Served asset /jquery_ujs.js - 304 Not Modified (0ms)


Started GET "/movies?sort=title" for 127.0.0.1 at 2014-02-19 15:38:09 -0800
Processing by MoviesController#index as HTML
  Parameters: {"sort"=>"title"}
  [1m[36mMovie Load (0.4ms)[0m  [1mSELECT "movies".* FROM "movies" [0m
  Rendered movies/index.html.haml within layouts/application (19.3ms)
Completed 200 OK in 32ms (Views: 25.2ms | ActiveRecord: 0.4ms)


Started GET "/assets/jquery.js?body=1" for 127.0.0.1 at 2014-02-19 15:38:09 -0800
Served asset /jquery.js - 304 Not Modified (2ms)


Started GET "/assets/jquery_ujs.js?body=1" for 127.0.0.1 at 2014-02-19 15:38:09 -0800
Served asset /jquery_ujs.js - 304 Not Modified (0ms)


Started GET "/movies?sort=title" for 127.0.0.1 at 2014-02-19 15:38:53 -0800
Processing by MoviesController#index as HTML
  Parameters: {"sort"=>"title"}
  [1m[35mMovie Load (0.3ms)[0m  SELECT "movies".* FROM "movies" 
  Rendered movies/index.html.haml within layouts/application (10.0ms)
Completed 200 OK in 21ms (Views: 16.5ms | ActiveRecord: 0.3ms)


Started GET "/assets/jquery.js?body=1" for 127.0.0.1 at 2014-02-19 15:38:53 -0800
Served asset /jquery.js - 304 Not Modified (0ms)


Started GET "/assets/jquery_ujs.js?body=1" for 127.0.0.1 at 2014-02-19 15:38:53 -0800
Served asset /jquery_ujs.js - 304 Not Modified (0ms)


Started GET "/movies?sort=release" for 127.0.0.1 at 2014-02-19 15:38:55 -0800
Processing by MoviesController#index as HTML
  Parameters: {"sort"=>"release"}
  [1m[36mMovie Load (0.2ms)[0m  [1mSELECT "movies".* FROM "movies" [0m
  Rendered movies/index.html.haml within layouts/application (25.9ms)
Completed 200 OK in 39ms (Views: 36.6ms | ActiveRecord: 0.2ms)


Started GET "/assets/jquery.js?body=1" for 127.0.0.1 at 2014-02-19 15:38:55 -0800
Served asset /jquery.js - 304 Not Modified (0ms)


Started GET "/assets/jquery_ujs.js?body=1" for 127.0.0.1 at 2014-02-19 15:38:55 -0800
Served asset /jquery_ujs.js - 304 Not Modified (0ms)


Started GET "/movies?sort=release" for 127.0.0.1 at 2014-02-19 15:40:57 -0800
Connecting to database specified by database.yml
Processing by MoviesController#index as HTML
  Parameters: {"sort"=>"release"}
  [1m[36mMovie Load (0.5ms)[0m  [1mSELECT "movies".* FROM "movies" [0m
  Rendered movies/index.html.haml within layouts/application (114.2ms)
Compiled application.css  (0ms)  (pid 16217)
Completed 200 OK in 194ms (Views: 180.6ms | ActiveRecord: 0.5ms)


Started GET "/assets/jquery.js?body=1" for 127.0.0.1 at 2014-02-19 15:40:58 -0800
Served asset /jquery.js - 304 Not Modified (12ms)


Started GET "/assets/jquery_ujs.js?body=1" for 127.0.0.1 at 2014-02-19 15:40:58 -0800
Served asset /jquery_ujs.js - 304 Not Modified (1ms)


Started GET "/movies?sort=release" for 127.0.0.1 at 2014-02-19 15:41:06 -0800
Processing by MoviesController#index as HTML
  Parameters: {"sort"=>"release"}
  [1m[35mMovie Load (0.5ms)[0m  SELECT "movies".* FROM "movies" 
  Rendered movies/index.html.haml within layouts/application (9.4ms)
Completed 200 OK in 22ms (Views: 17.2ms | ActiveRecord: 0.5ms)


Started GET "/assets/jquery.js?body=1" for 127.0.0.1 at 2014-02-19 15:41:06 -0800
Served asset /jquery.js - 304 Not Modified (7ms)


Started GET "/assets/jquery_ujs.js?body=1" for 127.0.0.1 at 2014-02-19 15:41:07 -0800
Served asset /jquery_ujs.js - 304 Not Modified (0ms)


Started GET "/movies?sort=title" for 127.0.0.1 at 2014-02-19 15:41:08 -0800
Processing by MoviesController#index as HTML
  Parameters: {"sort"=>"title"}
  [1m[36mMovie Load (0.4ms)[0m  [1mSELECT "movies".* FROM "movies" [0m
  Rendered movies/index.html.haml within layouts/application (19.7ms)
Completed 200 OK in 34ms (Views: 29.5ms | ActiveRecord: 0.4ms)


Started GET "/assets/jquery_ujs.js?body=1" for 127.0.0.1 at 2014-02-19 15:41:08 -0800
Served asset /jquery_ujs.js - 304 Not Modified (9ms)


Started GET "/assets/jquery.js?body=1" for 127.0.0.1 at 2014-02-19 15:41:08 -0800
Served asset /jquery.js - 304 Not Modified (1ms)


Started GET "/movies?sort=release" for 127.0.0.1 at 2014-02-19 15:41:11 -0800
Processing by MoviesController#index as HTML
  Parameters: {"sort"=>"release"}
  [1m[35mMovie Load (0.4ms)[0m  SELECT "movies".* FROM "movies" 
  Rendered movies/index.html.haml within layouts/application (37.8ms)
Completed 200 OK in 107ms (Views: 104.6ms | ActiveRecord: 0.4ms)


Started GET "/assets/jquery.js?body=1" for 127.0.0.1 at 2014-02-19 15:41:11 -0800
Served asset /jquery.js - 304 Not Modified (6ms)


Started GET "/assets/jquery_ujs.js?body=1" for 127.0.0.1 at 2014-02-19 15:41:11 -0800
Served asset /jquery_ujs.js - 304 Not Modified (0ms)


Started GET "/movies?sort=release" for 127.0.0.1 at 2014-02-19 15:43:25 -0800
Connecting to database specified by database.yml
Processing by MoviesController#index as HTML
  Parameters: {"sort"=>"release"}
  [1m[36mMovie Load (0.3ms)[0m  [1mSELECT "movies".* FROM "movies" [0m
  Rendered movies/index.html.haml within layouts/application (114.2ms)
Completed 200 OK in 167ms (Views: 153.7ms | ActiveRecord: 0.3ms)


Started GET "/assets/jquery_ujs.js?body=1" for 127.0.0.1 at 2014-02-19 15:43:25 -0800
Served asset /jquery_ujs.js - 304 Not Modified (3ms)


Started GET "/assets/jquery.js?body=1" for 127.0.0.1 at 2014-02-19 15:43:25 -0800
Served asset /jquery.js - 304 Not Modified (5ms)


Started GET "/movies?sort=title" for 127.0.0.1 at 2014-02-19 15:43:27 -0800
Processing by MoviesController#index as HTML
  Parameters: {"sort"=>"title"}
  [1m[35mMovie Load (0.1ms)[0m  SELECT "movies".* FROM "movies" 
  Rendered movies/index.html.haml within layouts/application (17.9ms)
Completed 200 OK in 32ms (Views: 29.3ms | ActiveRecord: 0.1ms)


Started GET "/assets/jquery.js?body=1" for 127.0.0.1 at 2014-02-19 15:43:27 -0800
Served asset /jquery.js - 304 Not Modified (5ms)


Started GET "/assets/jquery_ujs.js?body=1" for 127.0.0.1 at 2014-02-19 15:43:27 -0800
Served asset /jquery_ujs.js - 304 Not Modified (0ms)


Started GET "/movies?sort=release" for 127.0.0.1 at 2014-02-19 15:43:29 -0800
Processing by MoviesController#index as HTML
  Parameters: {"sort"=>"release"}
  [1m[36mMovie Load (0.3ms)[0m  [1mSELECT "movies".* FROM "movies" [0m
  Rendered movies/index.html.haml within layouts/application (10.1ms)
Completed 200 OK in 17ms (Views: 15.3ms | ActiveRecord: 0.3ms)


Started GET "/assets/jquery_ujs.js?body=1" for 127.0.0.1 at 2014-02-19 15:43:29 -0800
Served asset /jquery_ujs.js - 304 Not Modified (6ms)


Started GET "/assets/jquery.js?body=1" for 127.0.0.1 at 2014-02-19 15:43:29 -0800
Served asset /jquery.js - 304 Not Modified (0ms)


Started GET "/movies?sort=release" for 127.0.0.1 at 2014-02-19 15:46:39 -0800
Connecting to database specified by database.yml
Processing by MoviesController#index as HTML
  Parameters: {"sort"=>"release"}
  [1m[36mMovie Load (0.4ms)[0m  [1mSELECT "movies".* FROM "movies" [0m
  Rendered movies/index.html.haml within layouts/application (86.3ms)
Completed 200 OK in 129ms (Views: 114.2ms | ActiveRecord: 0.4ms)


Started GET "/assets/jquery.js?body=1" for 127.0.0.1 at 2014-02-19 15:46:39 -0800
Served asset /jquery.js - 304 Not Modified (14ms)


Started GET "/assets/jquery_ujs.js?body=1" for 127.0.0.1 at 2014-02-19 15:46:39 -0800
Served asset /jquery_ujs.js - 304 Not Modified (2ms)


Started GET "/movies?sort=title" for 127.0.0.1 at 2014-02-19 15:46:41 -0800
Processing by MoviesController#index as HTML
  Parameters: {"sort"=>"title"}
  [1m[35mMovie Load (0.4ms)[0m  SELECT "movies".* FROM "movies" 
  Rendered movies/index.html.haml within layouts/application (8.2ms)
Completed 200 OK in 20ms (Views: 17.3ms | ActiveRecord: 0.4ms)


Started GET "/assets/jquery.js?body=1" for 127.0.0.1 at 2014-02-19 15:46:41 -0800
Served asset /jquery.js - 304 Not Modified (1ms)


Started GET "/assets/jquery_ujs.js?body=1" for 127.0.0.1 at 2014-02-19 15:46:41 -0800
Served asset /jquery_ujs.js - 304 Not Modified (0ms)


Started GET "/movies?sort=release" for 127.0.0.1 at 2014-02-19 15:46:43 -0800
Processing by MoviesController#index as HTML
  Parameters: {"sort"=>"release"}
  [1m[36mMovie Load (0.3ms)[0m  [1mSELECT "movies".* FROM "movies" [0m
  Rendered movies/index.html.haml within layouts/application (19.3ms)
Completed 200 OK in 27ms (Views: 24.9ms | ActiveRecord: 0.3ms)


Started GET "/assets/jquery_ujs.js?body=1" for 127.0.0.1 at 2014-02-19 15:46:43 -0800
Served asset /jquery_ujs.js - 304 Not Modified (7ms)


Started GET "/assets/jquery.js?body=1" for 127.0.0.1 at 2014-02-19 15:46:43 -0800
Served asset /jquery.js - 304 Not Modified (0ms)


Started GET "/movies?sort=title" for 127.0.0.1 at 2014-02-19 15:47:05 -0800
Processing by MoviesController#index as HTML
  Parameters: {"sort"=>"title"}
  [1m[35mMovie Load (0.4ms)[0m  SELECT "movies".* FROM "movies" 
  Rendered movies/index.html.haml within layouts/application (89.7ms)
Completed 200 OK in 104ms (Views: 102.0ms | ActiveRecord: 0.4ms)


Started GET "/assets/jquery.js?body=1" for 127.0.0.1 at 2014-02-19 15:47:05 -0800
Served asset /jquery.js - 304 Not Modified (33ms)


Started GET "/assets/jquery_ujs.js?body=1" for 127.0.0.1 at 2014-02-19 15:47:05 -0800
Served asset /jquery_ujs.js - 304 Not Modified (0ms)


Started GET "/movies?sort=release" for 127.0.0.1 at 2014-02-19 15:47:09 -0800
Processing by MoviesController#index as HTML
  Parameters: {"sort"=>"release"}
  [1m[36mMovie Load (0.5ms)[0m  [1mSELECT "movies".* FROM "movies" [0m
  Rendered movies/index.html.haml within layouts/application (9.7ms)
Completed 200 OK in 21ms (Views: 18.6ms | ActiveRecord: 0.5ms)


Started GET "/assets/jquery.js?body=1" for 127.0.0.1 at 2014-02-19 15:47:09 -0800
Served asset /jquery.js - 304 Not Modified (2ms)


Started GET "/assets/jquery_ujs.js?body=1" for 127.0.0.1 at 2014-02-19 15:47:09 -0800
Served asset /jquery_ujs.js - 304 Not Modified (0ms)


Started GET "/movies?sort=release" for 127.0.0.1 at 2014-02-19 15:49:24 -0800
Connecting to database specified by database.yml
Processing by MoviesController#index as HTML
  Parameters: {"sort"=>"release"}
  [1m[36mMovie Load (0.5ms)[0m  [1mSELECT "movies".* FROM "movies" [0m
  Rendered movies/index.html.haml within layouts/application (90.9ms)
Compiled application.css  (0ms)  (pid 16278)
Completed 200 OK in 151ms (Views: 136.8ms | ActiveRecord: 0.5ms)


Started GET "/assets/jquery.js?body=1" for 127.0.0.1 at 2014-02-19 15:49:25 -0800
Served asset /jquery.js - 304 Not Modified (11ms)


Started GET "/assets/jquery_ujs.js?body=1" for 127.0.0.1 at 2014-02-19 15:49:25 -0800
Served asset /jquery_ujs.js - 304 Not Modified (2ms)


Started GET "/movies?sort=release" for 127.0.0.1 at 2014-02-19 15:49:26 -0800
Processing by MoviesController#index as HTML
  Parameters: {"sort"=>"release"}
  [1m[35mMovie Load (0.4ms)[0m  SELECT "movies".* FROM "movies" 
  Rendered movies/index.html.haml within layouts/application (20.9ms)
Completed 200 OK in 29ms (Views: 26.9ms | ActiveRecord: 0.4ms)


Started GET "/assets/jquery.js?body=1" for 127.0.0.1 at 2014-02-19 15:49:26 -0800
Served asset /jquery.js - 304 Not Modified (14ms)


Started GET "/assets/jquery_ujs.js?body=1" for 127.0.0.1 at 2014-02-19 15:49:26 -0800
Served asset /jquery_ujs.js - 304 Not Modified (0ms)


Started GET "/movies?sort=title" for 127.0.0.1 at 2014-02-19 15:49:28 -0800
Processing by MoviesController#index as HTML
  Parameters: {"sort"=>"title"}
  [1m[36mMovie Load (0.3ms)[0m  [1mSELECT "movies".* FROM "movies" [0m
  Rendered movies/index.html.haml within layouts/application (9.8ms)
Completed 200 OK in 20ms (Views: 17.5ms | ActiveRecord: 0.3ms)


Started GET "/assets/jquery.js?body=1" for 127.0.0.1 at 2014-02-19 15:49:29 -0800
Served asset /jquery.js - 304 Not Modified (0ms)


Started GET "/assets/jquery_ujs.js?body=1" for 127.0.0.1 at 2014-02-19 15:49:29 -0800
Served asset /jquery_ujs.js - 304 Not Modified (0ms)


Started GET "/movies?sort=release" for 127.0.0.1 at 2014-02-19 15:49:31 -0800
Processing by MoviesController#index as HTML
  Parameters: {"sort"=>"release"}
  [1m[35mMovie Load (0.4ms)[0m  SELECT "movies".* FROM "movies" 
  Rendered movies/index.html.haml within layouts/application (11.9ms)
Completed 200 OK in 29ms (Views: 27.3ms | ActiveRecord: 0.4ms)


Started GET "/assets/jquery.js?body=1" for 127.0.0.1 at 2014-02-19 15:49:31 -0800
Served asset /jquery.js - 304 Not Modified (89ms)


Started GET "/assets/jquery_ujs.js?body=1" for 127.0.0.1 at 2014-02-19 15:49:31 -0800
Served asset /jquery_ujs.js - 304 Not Modified (0ms)


Started GET "/movies?sort=release" for 127.0.0.1 at 2014-02-19 15:54:01 -0800
Connecting to database specified by database.yml
Processing by MoviesController#index as HTML
  Parameters: {"sort"=>"release"}
  [1m[36mMovie Load (0.4ms)[0m  [1mSELECT "movies".* FROM "movies" [0m
  Rendered movies/index.html.haml within layouts/application (74.4ms)
Compiled application.css  (0ms)  (pid 16303)
Completed 200 OK in 118ms (Views: 106.6ms | ActiveRecord: 0.4ms)


Started GET "/movies?sort=release" for 127.0.0.1 at 2014-02-19 15:54:03 -0800
Processing by MoviesController#index as HTML
  Parameters: {"sort"=>"release"}
  [1m[35mMovie Load (0.5ms)[0m  SELECT "movies".* FROM "movies" 
  Rendered movies/index.html.haml within layouts/application (8.1ms)
Completed 200 OK in 22ms (Views: 18.3ms | ActiveRecord: 0.5ms)


Started GET "/assets/jquery_ujs.js?body=1" for 127.0.0.1 at 2014-02-19 15:54:03 -0800
Served asset /jquery_ujs.js - 304 Not Modified (4ms)


Started GET "/assets/jquery.js?body=1" for 127.0.0.1 at 2014-02-19 15:54:03 -0800
Served asset /jquery.js - 304 Not Modified (3ms)


Started GET "/movies?sort=title" for 127.0.0.1 at 2014-02-19 15:54:05 -0800
Processing by MoviesController#index as HTML
  Parameters: {"sort"=>"title"}
  [1m[36mMovie Load (0.3ms)[0m  [1mSELECT "movies".* FROM "movies" [0m
  Rendered movies/index.html.haml within layouts/application (10.1ms)
Completed 200 OK in 21ms (Views: 18.3ms | ActiveRecord: 0.3ms)


Started GET "/assets/jquery_ujs.js?body=1" for 127.0.0.1 at 2014-02-19 15:54:05 -0800
Served asset /jquery_ujs.js - 304 Not Modified (0ms)


Started GET "/assets/jquery.js?body=1" for 127.0.0.1 at 2014-02-19 15:54:05 -0800
Served asset /jquery.js - 304 Not Modified (2ms)


Started GET "/movies?sort=title" for 127.0.0.1 at 2014-02-19 15:54:05 -0800
Processing by MoviesController#index as HTML
  Parameters: {"sort"=>"title"}
  [1m[35mMovie Load (0.4ms)[0m  SELECT "movies".* FROM "movies" 
  Rendered movies/index.html.haml within layouts/application (9.0ms)
Completed 200 OK in 20ms (Views: 15.9ms | ActiveRecord: 0.4ms)


Started GET "/assets/jquery.js?body=1" for 127.0.0.1 at 2014-02-19 15:54:05 -0800
Served asset /jquery.js - 304 Not Modified (0ms)


Started GET "/assets/jquery_ujs.js?body=1" for 127.0.0.1 at 2014-02-19 15:54:05 -0800
Served asset /jquery_ujs.js - 304 Not Modified (0ms)


Started GET "/movies?sort=title" for 127.0.0.1 at 2014-02-19 15:54:06 -0800
Processing by MoviesController#index as HTML
  Parameters: {"sort"=>"title"}
  [1m[36mMovie Load (0.4ms)[0m  [1mSELECT "movies".* FROM "movies" [0m
  Rendered movies/index.html.haml within layouts/application (91.0ms)
Completed 200 OK in 105ms (Views: 102.2ms | ActiveRecord: 0.4ms)


Started GET "/assets/jquery.js?body=1" for 127.0.0.1 at 2014-02-19 15:54:06 -0800
Served asset /jquery.js - 304 Not Modified (18ms)


Started GET "/assets/jquery_ujs.js?body=1" for 127.0.0.1 at 2014-02-19 15:54:06 -0800
Served asset /jquery_ujs.js - 304 Not Modified (0ms)


Started GET "/movies?sort=title" for 127.0.0.1 at 2014-02-19 15:54:07 -0800
Processing by MoviesController#index as HTML
  Parameters: {"sort"=>"title"}
  [1m[35mMovie Load (0.5ms)[0m  SELECT "movies".* FROM "movies" 
  Rendered movies/index.html.haml within layouts/application (12.3ms)
Completed 200 OK in 36ms (Views: 23.5ms | ActiveRecord: 0.5ms)


Started GET "/assets/jquery.js?body=1" for 127.0.0.1 at 2014-02-19 15:54:07 -0800
Served asset /jquery.js - 304 Not Modified (1ms)


Started GET "/assets/jquery_ujs.js?body=1" for 127.0.0.1 at 2014-02-19 15:54:07 -0800
Served asset /jquery_ujs.js - 304 Not Modified (0ms)


Started GET "/movies?sort=title" for 127.0.0.1 at 2014-02-19 15:54:07 -0800
Processing by MoviesController#index as HTML
  Parameters: {"sort"=>"title"}
  [1m[36mMovie Load (0.6ms)[0m  [1mSELECT "movies".* FROM "movies" [0m
  Rendered movies/index.html.haml within layouts/application (24.6ms)
Completed 200 OK in 54ms (Views: 43.4ms | ActiveRecord: 0.6ms)


Started GET "/assets/jquery.js?body=1" for 127.0.0.1 at 2014-02-19 15:54:07 -0800
Served asset /jquery.js - 304 Not Modified (0ms)


Started GET "/assets/jquery_ujs.js?body=1" for 127.0.0.1 at 2014-02-19 15:54:07 -0800
Served asset /jquery_ujs.js - 304 Not Modified (0ms)


Started GET "/movies?sort=title" for 127.0.0.1 at 2014-02-19 15:54:07 -0800
Processing by MoviesController#index as HTML
  Parameters: {"sort"=>"title"}
  [1m[35mMovie Load (0.4ms)[0m  SELECT "movies".* FROM "movies" 
  Rendered movies/index.html.haml within layouts/application (26.5ms)
Completed 200 OK in 49ms (Views: 41.4ms | ActiveRecord: 0.4ms)


Started GET "/assets/jquery.js?body=1" for 127.0.0.1 at 2014-02-19 15:54:07 -0800
Served asset /jquery.js - 304 Not Modified (0ms)


Started GET "/assets/jquery_ujs.js?body=1" for 127.0.0.1 at 2014-02-19 15:54:07 -0800
Served asset /jquery_ujs.js - 304 Not Modified (0ms)


Started GET "/movies?sort=title" for 127.0.0.1 at 2014-02-19 15:54:08 -0800
Processing by MoviesController#index as HTML
  Parameters: {"sort"=>"title"}
  [1m[36mMovie Load (0.4ms)[0m  [1mSELECT "movies".* FROM "movies" [0m
  Rendered movies/index.html.haml within layouts/application (7.5ms)
Completed 200 OK in 18ms (Views: 15.3ms | ActiveRecord: 0.4ms)


Started GET "/assets/jquery_ujs.js?body=1" for 127.0.0.1 at 2014-02-19 15:54:08 -0800
Served asset /jquery_ujs.js - 304 Not Modified (0ms)


Started GET "/assets/jquery.js?body=1" for 127.0.0.1 at 2014-02-19 15:54:08 -0800
Served asset /jquery.js - 304 Not Modified (9ms)


Started GET "/movies?sort=title" for 127.0.0.1 at 2014-02-23 16:26:32 -0800
Processing by MoviesController#index as HTML
  Parameters: {"sort"=>"title"}
  [1m[35mMovie Load (0.5ms)[0m  SELECT "movies".* FROM "movies" 
  Rendered movies/index.html.haml within layouts/application (10.8ms)
Completed 200 OK in 20ms (Views: 17.6ms | ActiveRecord: 0.5ms)


Started GET "/assets/jquery.js?body=1" for 127.0.0.1 at 2014-02-23 16:26:32 -0800
Served asset /jquery.js - 304 Not Modified (3ms)


Started GET "/assets/jquery_ujs.js?body=1" for 127.0.0.1 at 2014-02-23 16:26:32 -0800
Served asset /jquery_ujs.js - 304 Not Modified (1ms)


Started GET "/movies?sort=release" for 127.0.0.1 at 2014-02-23 16:26:33 -0800
Processing by MoviesController#index as HTML
  Parameters: {"sort"=>"release"}
  [1m[36mMovie Load (0.8ms)[0m  [1mSELECT "movies".* FROM "movies" [0m
  Rendered movies/index.html.haml within layouts/application (14.6ms)
Completed 200 OK in 29ms (Views: 23.8ms | ActiveRecord: 0.8ms)


Started GET "/assets/jquery.js?body=1" for 127.0.0.1 at 2014-02-23 16:26:33 -0800
Served asset /jquery.js - 304 Not Modified (229ms)


Started GET "/assets/jquery_ujs.js?body=1" for 127.0.0.1 at 2014-02-23 16:26:34 -0800
Served asset /jquery_ujs.js - 304 Not Modified (0ms)


Started GET "/movies?ratings%5BR%5D=1&sort=release_date" for 127.0.0.1 at 2014-02-23 17:06:58 -0800
Connecting to database specified by database.yml
  [1m[36mMovie Load (0.3ms)[0m  [1mSELECT rating FROM "movies" GROUP BY rating[0m
Processing by MoviesController#index as HTML
  Parameters: {"ratings"=>{"R"=>"1"}, "sort"=>"release_date"}
  [1m[35mMovie Load (0.7ms)[0m  SELECT "movies".* FROM "movies" ORDER BY release_date
  Rendered movies/index.html.haml within layouts/application (98.3ms)
Compiled application.css  (0ms)  (pid 16922)
Completed 200 OK in 153ms (Views: 137.8ms | ActiveRecord: 0.7ms)


Started GET "/assets/jquery_ujs.js?body=1" for 127.0.0.1 at 2014-02-23 17:06:58 -0800
Served asset /jquery_ujs.js - 304 Not Modified (3ms)


Started GET "/assets/jquery.js?body=1" for 127.0.0.1 at 2014-02-23 17:06:58 -0800
Served asset /jquery.js - 304 Not Modified (3ms)


Started GET "/movies?utf8=%E2%9C%93&ratings%5BG%5D=1&commit=Refresh" for 127.0.0.1 at 2014-02-23 17:07:05 -0800
  [1m[36mMovie Load (0.4ms)[0m  [1mSELECT rating FROM "movies" GROUP BY rating[0m
Processing by MoviesController#index as HTML
  Parameters: {"utf8"=>"✓", "ratings"=>{"G"=>"1"}, "commit"=>"Refresh"}
Redirected to http://localhost:3000/movies?ratings%5BG%5D=1&sort=release_date
  [1m[35mMovie Load (0.5ms)[0m  SELECT "movies".* FROM "movies" ORDER BY release_date
Completed 302 Found in 9ms (ActiveRecord: 0.5ms)


Started GET "/movies?ratings%5BG%5D=1&sort=release_date" for 127.0.0.1 at 2014-02-23 17:07:05 -0800
  [1m[36mMovie Load (0.2ms)[0m  [1mSELECT rating FROM "movies" GROUP BY rating[0m
Processing by MoviesController#index as HTML
  Parameters: {"ratings"=>{"G"=>"1"}, "sort"=>"release_date"}
  [1m[35mMovie Load (0.5ms)[0m  SELECT "movies".* FROM "movies" ORDER BY release_date
  Rendered movies/index.html.haml within layouts/application (51.1ms)
Completed 200 OK in 90ms (Views: 76.5ms | ActiveRecord: 0.5ms)


Started GET "/assets/jquery.js?body=1" for 127.0.0.1 at 2014-02-23 17:07:06 -0800
Served asset /jquery.js - 304 Not Modified (0ms)


Started GET "/assets/jquery_ujs.js?body=1" for 127.0.0.1 at 2014-02-23 17:07:06 -0800
Served asset /jquery_ujs.js - 304 Not Modified (0ms)


Started GET "/movies?utf8=%E2%9C%93&ratings%5BG%5D=1&ratings%5BPG%5D=1&ratings%5BPG-13%5D=1&ratings%5BR%5D=1&commit=Refresh" for 127.0.0.1 at 2014-02-23 17:07:09 -0800
  [1m[36mMovie Load (0.4ms)[0m  [1mSELECT rating FROM "movies" GROUP BY rating[0m
Processing by MoviesController#index as HTML
  Parameters: {"utf8"=>"✓", "ratings"=>{"G"=>"1", "PG"=>"1", "PG-13"=>"1", "R"=>"1"}, "commit"=>"Refresh"}
Redirected to http://localhost:3000/movies?ratings%5BG%5D=1&ratings%5BPG%5D=1&ratings%5BPG-13%5D=1&ratings%5BR%5D=1&sort=release_date
  [1m[35mMovie Load (0.4ms)[0m  SELECT "movies".* FROM "movies" ORDER BY release_date
Completed 302 Found in 9ms (ActiveRecord: 0.4ms)


Started GET "/movies?ratings%5BG%5D=1&ratings%5BPG%5D=1&ratings%5BPG-13%5D=1&ratings%5BR%5D=1&sort=release_date" for 127.0.0.1 at 2014-02-23 17:07:09 -0800
  [1m[36mMovie Load (3.2ms)[0m  [1mSELECT rating FROM "movies" GROUP BY rating[0m
Processing by MoviesController#index as HTML
  Parameters: {"ratings"=>{"G"=>"1", "PG"=>"1", "PG-13"=>"1", "R"=>"1"}, "sort"=>"release_date"}
  [1m[35mMovie Load (0.4ms)[0m  SELECT "movies".* FROM "movies" ORDER BY release_date
  Rendered movies/index.html.haml within layouts/application (28.2ms)
Completed 200 OK in 37ms (Views: 33.8ms | ActiveRecord: 0.4ms)


Started GET "/assets/jquery.js?body=1" for 127.0.0.1 at 2014-02-23 17:07:09 -0800
Served asset /jquery.js - 304 Not Modified (0ms)


Started GET "/assets/jquery_ujs.js?body=1" for 127.0.0.1 at 2014-02-23 17:07:09 -0800
Served asset /jquery_ujs.js - 304 Not Modified (0ms)
